   1              		.cpu cortex-m0
   2              		.eabi_attribute 20, 1
   3              		.eabi_attribute 21, 1
   4              		.eabi_attribute 23, 3
   5              		.eabi_attribute 24, 1
   6              		.eabi_attribute 25, 1
   7              		.eabi_attribute 26, 1
   8              		.eabi_attribute 30, 4
   9              		.eabi_attribute 34, 0
  10              		.eabi_attribute 18, 4
  11              		.file	"simpleserial.c"
  12              		.text
  13              	.Ltext0:
  14              		.cfi_sections	.debug_frame
  15              		.section	.text.check_version,"ax",%progbits
  16              		.align	1
  17              		.global	check_version
  18              		.arch armv6s-m
  19              		.syntax unified
  20              		.code	16
  21              		.thumb_func
  22              		.fpu softvfp
  24              	check_version:
  25              	.LVL0:
  26              	.LFB1:
  27              		.file 1 ".././simpleserial/simpleserial.c"
   1:.././simpleserial/simpleserial.c **** // simpleserial.c
   2:.././simpleserial/simpleserial.c **** 
   3:.././simpleserial/simpleserial.c **** #include "simpleserial.h"
   4:.././simpleserial/simpleserial.c **** #include <stdint.h>
   5:.././simpleserial/simpleserial.c **** #include "hal.h"
   6:.././simpleserial/simpleserial.c **** 
   7:.././simpleserial/simpleserial.c **** 
   8:.././simpleserial/simpleserial.c **** #define MAX_SS_CMDS 16
   9:.././simpleserial/simpleserial.c **** static int num_commands = 0;
  10:.././simpleserial/simpleserial.c **** 
  11:.././simpleserial/simpleserial.c **** #define MAX_SS_LEN 256
  12:.././simpleserial/simpleserial.c **** 
  13:.././simpleserial/simpleserial.c **** //#define SS_VER_1_0 0
  14:.././simpleserial/simpleserial.c **** //#define SS_VER_1_1 1
  15:.././simpleserial/simpleserial.c **** //#define SS_VER_2_0 2
  16:.././simpleserial/simpleserial.c **** 
  17:.././simpleserial/simpleserial.c **** 
  18:.././simpleserial/simpleserial.c **** // 0xA6 formerly 
  19:.././simpleserial/simpleserial.c **** #define CW_CRC 0x4D 
  20:.././simpleserial/simpleserial.c **** uint8_t ss_crc(uint8_t *buf, uint8_t len)
  21:.././simpleserial/simpleserial.c **** {
  22:.././simpleserial/simpleserial.c **** 	unsigned int k = 0;
  23:.././simpleserial/simpleserial.c **** 	uint8_t crc = 0x00;
  24:.././simpleserial/simpleserial.c **** 	while (len--) {
  25:.././simpleserial/simpleserial.c **** 		crc ^= *buf++;
  26:.././simpleserial/simpleserial.c **** 		for (k = 0; k < 8; k++) {
  27:.././simpleserial/simpleserial.c **** 			crc = crc & 0x80 ? (crc << 1) ^ CW_CRC: crc << 1;
  28:.././simpleserial/simpleserial.c **** 		}
  29:.././simpleserial/simpleserial.c **** 	}
  30:.././simpleserial/simpleserial.c **** 	return crc;
  31:.././simpleserial/simpleserial.c **** 
  32:.././simpleserial/simpleserial.c **** }
  33:.././simpleserial/simpleserial.c **** 
  34:.././simpleserial/simpleserial.c **** // [B_STUFF, CMD, SCMD, LEN, B_STUFF, DATA..., CRC, TERM]
  35:.././simpleserial/simpleserial.c **** 
  36:.././simpleserial/simpleserial.c **** //#define SS_VER SS_VER_2_0
  37:.././simpleserial/simpleserial.c **** #if SS_VER == SS_VER_2_0
  38:.././simpleserial/simpleserial.c **** #error "SS_VER_2_0 is deprecated! Use SS_VER_2_1 instead."
  39:.././simpleserial/simpleserial.c **** #elif SS_VER == SS_VER_2_1
  40:.././simpleserial/simpleserial.c **** 
  41:.././simpleserial/simpleserial.c **** int hex_decode(int len, char* ascii_buf, uint8_t* data_buf)
  42:.././simpleserial/simpleserial.c **** {
  43:.././simpleserial/simpleserial.c **** 	for(int i = 0; i < len; i++)
  44:.././simpleserial/simpleserial.c **** 	{
  45:.././simpleserial/simpleserial.c **** 		char n_hi = ascii_buf[2*i];
  46:.././simpleserial/simpleserial.c **** 		char n_lo = ascii_buf[2*i+1];
  47:.././simpleserial/simpleserial.c **** 
  48:.././simpleserial/simpleserial.c **** 		if(n_lo >= '0' && n_lo <= '9')
  49:.././simpleserial/simpleserial.c **** 			data_buf[i] = n_lo - '0';
  50:.././simpleserial/simpleserial.c **** 		else if(n_lo >= 'A' && n_lo <= 'F')
  51:.././simpleserial/simpleserial.c **** 			data_buf[i] = n_lo - 'A' + 10;
  52:.././simpleserial/simpleserial.c **** 		else if(n_lo >= 'a' && n_lo <= 'f')
  53:.././simpleserial/simpleserial.c **** 			data_buf[i] = n_lo - 'a' + 10;
  54:.././simpleserial/simpleserial.c **** 		else
  55:.././simpleserial/simpleserial.c **** 			return 1;
  56:.././simpleserial/simpleserial.c **** 
  57:.././simpleserial/simpleserial.c **** 		if(n_hi >= '0' && n_hi <= '9')
  58:.././simpleserial/simpleserial.c **** 			data_buf[i] |= (n_hi - '0') << 4;
  59:.././simpleserial/simpleserial.c **** 		else if(n_hi >= 'A' && n_hi <= 'F')
  60:.././simpleserial/simpleserial.c **** 			data_buf[i] |= (n_hi - 'A' + 10) << 4;
  61:.././simpleserial/simpleserial.c **** 		else if(n_hi >= 'a' && n_hi <= 'f')
  62:.././simpleserial/simpleserial.c **** 			data_buf[i] |= (n_hi - 'a' + 10) << 4;
  63:.././simpleserial/simpleserial.c **** 		else
  64:.././simpleserial/simpleserial.c **** 			return 1;
  65:.././simpleserial/simpleserial.c **** 	}
  66:.././simpleserial/simpleserial.c **** 
  67:.././simpleserial/simpleserial.c **** 	return 0;
  68:.././simpleserial/simpleserial.c **** }
  69:.././simpleserial/simpleserial.c **** 
  70:.././simpleserial/simpleserial.c **** typedef struct ss_cmd
  71:.././simpleserial/simpleserial.c **** {
  72:.././simpleserial/simpleserial.c **** 	char c;
  73:.././simpleserial/simpleserial.c **** 	unsigned int len;
  74:.././simpleserial/simpleserial.c **** 	uint8_t (*fp)(uint8_t, uint8_t, uint8_t, uint8_t *);
  75:.././simpleserial/simpleserial.c **** } ss_cmd;
  76:.././simpleserial/simpleserial.c **** static ss_cmd commands[MAX_SS_CMDS];
  77:.././simpleserial/simpleserial.c **** 
  78:.././simpleserial/simpleserial.c **** void ss_puts(char *x)
  79:.././simpleserial/simpleserial.c **** {
  80:.././simpleserial/simpleserial.c **** 	do {
  81:.././simpleserial/simpleserial.c **** 		putch(*x);
  82:.././simpleserial/simpleserial.c **** 	} while (*++x);
  83:.././simpleserial/simpleserial.c **** }
  84:.././simpleserial/simpleserial.c **** 
  85:.././simpleserial/simpleserial.c **** #define FRAME_BYTE 0x00
  86:.././simpleserial/simpleserial.c **** 
  87:.././simpleserial/simpleserial.c **** uint8_t check_version(uint8_t cmd, uint8_t scmd, uint8_t len, uint8_t *data)
  88:.././simpleserial/simpleserial.c **** {
  89:.././simpleserial/simpleserial.c **** 	uint8_t ver = SS_VER;
  90:.././simpleserial/simpleserial.c **** 	simpleserial_put('r', 1, &ver);
  91:.././simpleserial/simpleserial.c **** 	return SS_ERR_OK;
  92:.././simpleserial/simpleserial.c **** }
  93:.././simpleserial/simpleserial.c **** 
  94:.././simpleserial/simpleserial.c **** uint8_t ss_get_commands(uint8_t cmd, uint8_t scmd, uint8_t len, uint8_t *data)
  95:.././simpleserial/simpleserial.c **** {
  96:.././simpleserial/simpleserial.c ****     uint8_t cmd_chars[MAX_SS_CMDS];
  97:.././simpleserial/simpleserial.c ****     for (uint8_t i = 0; i < (num_commands & 0xFF); i++) {
  98:.././simpleserial/simpleserial.c ****         cmd_chars[i] = commands[i].c;
  99:.././simpleserial/simpleserial.c ****     }
 100:.././simpleserial/simpleserial.c **** 
 101:.././simpleserial/simpleserial.c ****     simpleserial_put('r', num_commands & 0xFF, (void *)cmd_chars);
 102:.././simpleserial/simpleserial.c ****     return 0x00;
 103:.././simpleserial/simpleserial.c **** 
 104:.././simpleserial/simpleserial.c **** }
 105:.././simpleserial/simpleserial.c **** 
 106:.././simpleserial/simpleserial.c **** uint8_t stuff_data(uint8_t *buf, uint8_t len)
 107:.././simpleserial/simpleserial.c **** {
 108:.././simpleserial/simpleserial.c **** 	uint8_t i = 1;
 109:.././simpleserial/simpleserial.c **** 	uint8_t last = 0;
 110:.././simpleserial/simpleserial.c **** 	for (; i < len; i++) {
 111:.././simpleserial/simpleserial.c **** 		if (buf[i] == FRAME_BYTE) {
 112:.././simpleserial/simpleserial.c **** 			buf[last] = i - last;
 113:.././simpleserial/simpleserial.c **** 			last = i;
 114:.././simpleserial/simpleserial.c **** 		}
 115:.././simpleserial/simpleserial.c **** 	}
 116:.././simpleserial/simpleserial.c **** 	return 0x00;
 117:.././simpleserial/simpleserial.c **** }
 118:.././simpleserial/simpleserial.c **** 
 119:.././simpleserial/simpleserial.c **** uint8_t unstuff_data(uint8_t *buf, uint8_t len)
 120:.././simpleserial/simpleserial.c **** {
 121:.././simpleserial/simpleserial.c **** 	uint8_t next = buf[0];
 122:.././simpleserial/simpleserial.c **** 	buf[0] = 0x00;
 123:.././simpleserial/simpleserial.c **** 	//len -= 1;
 124:.././simpleserial/simpleserial.c **** 	uint8_t tmp = next;
 125:.././simpleserial/simpleserial.c **** 	while ((next < len) && tmp != 0) {
 126:.././simpleserial/simpleserial.c **** 		tmp = buf[next];
 127:.././simpleserial/simpleserial.c **** 		buf[next] = FRAME_BYTE;
 128:.././simpleserial/simpleserial.c **** 		next += tmp;
 129:.././simpleserial/simpleserial.c **** 	}
 130:.././simpleserial/simpleserial.c **** 	return next;
 131:.././simpleserial/simpleserial.c **** }
 132:.././simpleserial/simpleserial.c **** 
 133:.././simpleserial/simpleserial.c **** // Set up the SimpleSerial module by preparing internal commands
 134:.././simpleserial/simpleserial.c **** // This just adds the "v" command for now...
 135:.././simpleserial/simpleserial.c **** void simpleserial_init()
 136:.././simpleserial/simpleserial.c **** {
 137:.././simpleserial/simpleserial.c **** 	simpleserial_addcmd('v', 0, check_version);
 138:.././simpleserial/simpleserial.c ****     simpleserial_addcmd('w', 0, ss_get_commands);
 139:.././simpleserial/simpleserial.c **** }
 140:.././simpleserial/simpleserial.c **** 
 141:.././simpleserial/simpleserial.c **** int simpleserial_addcmd(char c, unsigned int len, uint8_t (*fp)(uint8_t, uint8_t, uint8_t, uint8_t*
 142:.././simpleserial/simpleserial.c **** {
 143:.././simpleserial/simpleserial.c **** 	if(num_commands >= MAX_SS_CMDS) {
 144:.././simpleserial/simpleserial.c **** 		putch('a');
 145:.././simpleserial/simpleserial.c **** 		return 1;
 146:.././simpleserial/simpleserial.c **** 	}
 147:.././simpleserial/simpleserial.c **** 
 148:.././simpleserial/simpleserial.c **** 	if(len >= MAX_SS_LEN) {
 149:.././simpleserial/simpleserial.c **** 		putch('b');
 150:.././simpleserial/simpleserial.c **** 		return 1;
 151:.././simpleserial/simpleserial.c **** 	}
 152:.././simpleserial/simpleserial.c **** 
 153:.././simpleserial/simpleserial.c **** 	commands[num_commands].c   = c;
 154:.././simpleserial/simpleserial.c **** 	commands[num_commands].len = len;
 155:.././simpleserial/simpleserial.c **** 	commands[num_commands].fp  = fp;
 156:.././simpleserial/simpleserial.c **** 	num_commands++;
 157:.././simpleserial/simpleserial.c **** 
 158:.././simpleserial/simpleserial.c **** 	return 0;
 159:.././simpleserial/simpleserial.c **** }
 160:.././simpleserial/simpleserial.c **** 
 161:.././simpleserial/simpleserial.c **** void simpleserial_get(void)
 162:.././simpleserial/simpleserial.c **** {
 163:.././simpleserial/simpleserial.c **** 	uint8_t data_buf[MAX_SS_LEN];
 164:.././simpleserial/simpleserial.c **** 	uint8_t err = 0;
 165:.././simpleserial/simpleserial.c **** 
 166:.././simpleserial/simpleserial.c **** 	for (int i = 0; i < 4; i++) {
 167:.././simpleserial/simpleserial.c **** 		data_buf[i] = getch(); //PTR, cmd, scmd, len
 168:.././simpleserial/simpleserial.c **** 		if (data_buf[i] == FRAME_BYTE) {
 169:.././simpleserial/simpleserial.c **** 			err = SS_ERR_FRAME_BYTE;
 170:.././simpleserial/simpleserial.c **** 			goto ERROR;
 171:.././simpleserial/simpleserial.c **** 		}
 172:.././simpleserial/simpleserial.c **** 	}
 173:.././simpleserial/simpleserial.c **** 	uint8_t next_frame = unstuff_data(data_buf, 4);
 174:.././simpleserial/simpleserial.c **** 
 175:.././simpleserial/simpleserial.c **** 	// check for valid command
 176:.././simpleserial/simpleserial.c **** 	uint8_t c = 0;
 177:.././simpleserial/simpleserial.c **** 	for(c = 0; c < num_commands; c++)
 178:.././simpleserial/simpleserial.c **** 	{
 179:.././simpleserial/simpleserial.c **** 		if(commands[c].c == data_buf[1])
 180:.././simpleserial/simpleserial.c **** 			break;
 181:.././simpleserial/simpleserial.c **** 	}
 182:.././simpleserial/simpleserial.c **** 
 183:.././simpleserial/simpleserial.c **** 	if (c == num_commands) {
 184:.././simpleserial/simpleserial.c **** 		err = SS_ERR_CMD;
 185:.././simpleserial/simpleserial.c **** 		goto ERROR;
 186:.././simpleserial/simpleserial.c **** 	}
 187:.././simpleserial/simpleserial.c **** 
 188:.././simpleserial/simpleserial.c **** 	//check that next frame not beyond end of message
 189:.././simpleserial/simpleserial.c **** 	// account for cmd, scmd, len, data, crc, end of frame
 190:.././simpleserial/simpleserial.c **** 	if ((data_buf[3] + 5) < next_frame) {
 191:.././simpleserial/simpleserial.c **** 		err = SS_ERR_LEN;
 192:.././simpleserial/simpleserial.c **** 		goto ERROR;
 193:.././simpleserial/simpleserial.c **** 	}
 194:.././simpleserial/simpleserial.c **** 
 195:.././simpleserial/simpleserial.c **** 	// read in data
 196:.././simpleserial/simpleserial.c **** 	// eq to len + crc + frame end
 197:.././simpleserial/simpleserial.c **** 	int i = 4;
 198:.././simpleserial/simpleserial.c **** 	for (; i < data_buf[3] + 5; i++) {
 199:.././simpleserial/simpleserial.c **** 		data_buf[i] = getch();
 200:.././simpleserial/simpleserial.c **** 		if (data_buf[i] == FRAME_BYTE) {
 201:.././simpleserial/simpleserial.c **** 			err = SS_ERR_FRAME_BYTE;
 202:.././simpleserial/simpleserial.c **** 			goto ERROR;
 203:.././simpleserial/simpleserial.c **** 		}
 204:.././simpleserial/simpleserial.c **** 	}
 205:.././simpleserial/simpleserial.c **** 
 206:.././simpleserial/simpleserial.c **** 	//check that final byte is the FRAME_BYTE
 207:.././simpleserial/simpleserial.c **** 	data_buf[i] = getch();
 208:.././simpleserial/simpleserial.c **** 	if (data_buf[i] != FRAME_BYTE) {
 209:.././simpleserial/simpleserial.c **** 		err = SS_ERR_LEN;
 210:.././simpleserial/simpleserial.c **** 		goto ERROR;
 211:.././simpleserial/simpleserial.c **** 	}
 212:.././simpleserial/simpleserial.c **** 
 213:.././simpleserial/simpleserial.c **** 	//fully unstuff data now
 214:.././simpleserial/simpleserial.c **** 	unstuff_data(data_buf + next_frame, i - next_frame + 1);
 215:.././simpleserial/simpleserial.c **** 
 216:.././simpleserial/simpleserial.c **** 	//calc crc excluding original frame offset and frame end and crc
 217:.././simpleserial/simpleserial.c **** 	uint8_t crc = ss_crc(data_buf+1, i-2);
 218:.././simpleserial/simpleserial.c **** 	if (crc != data_buf[i-1]) {
 219:.././simpleserial/simpleserial.c **** 		err = SS_ERR_CRC;
 220:.././simpleserial/simpleserial.c **** 		goto ERROR;
 221:.././simpleserial/simpleserial.c **** 	}
 222:.././simpleserial/simpleserial.c **** 
 223:.././simpleserial/simpleserial.c **** 	err = commands[c].fp(data_buf[1], data_buf[2], data_buf[3], data_buf+4);
 224:.././simpleserial/simpleserial.c **** 
 225:.././simpleserial/simpleserial.c **** ERROR:
 226:.././simpleserial/simpleserial.c **** 	simpleserial_put('e', 0x01, &err);
 227:.././simpleserial/simpleserial.c **** 	return;
 228:.././simpleserial/simpleserial.c **** }
 229:.././simpleserial/simpleserial.c **** 
 230:.././simpleserial/simpleserial.c **** void simpleserial_put(char c, uint8_t size, uint8_t* output)
 231:.././simpleserial/simpleserial.c **** {
 232:.././simpleserial/simpleserial.c **** 	uint8_t data_buf[MAX_SS_LEN];
 233:.././simpleserial/simpleserial.c **** 	data_buf[0] = 0x00;
 234:.././simpleserial/simpleserial.c **** 	data_buf[1] = c;
 235:.././simpleserial/simpleserial.c **** 	data_buf[2] = size;
 236:.././simpleserial/simpleserial.c **** 	int i = 0;
 237:.././simpleserial/simpleserial.c **** 	for (; i < size; i++) {
 238:.././simpleserial/simpleserial.c **** 		data_buf[i + 3] = output[i];
 239:.././simpleserial/simpleserial.c **** 	}
 240:.././simpleserial/simpleserial.c **** 	data_buf[i + 3] = ss_crc(data_buf+1, size+2);
 241:.././simpleserial/simpleserial.c **** 	data_buf[i + 4] = 0x00;
 242:.././simpleserial/simpleserial.c **** 	stuff_data(data_buf, i + 5);
 243:.././simpleserial/simpleserial.c **** 	for (int i = 0; i < size + 5; i++) {
 244:.././simpleserial/simpleserial.c **** 		putch(data_buf[i]);
 245:.././simpleserial/simpleserial.c **** 	}
 246:.././simpleserial/simpleserial.c **** }
 247:.././simpleserial/simpleserial.c **** 
 248:.././simpleserial/simpleserial.c **** 
 249:.././simpleserial/simpleserial.c **** #else
 250:.././simpleserial/simpleserial.c **** 
 251:.././simpleserial/simpleserial.c **** typedef struct ss_cmd
 252:.././simpleserial/simpleserial.c **** {
 253:.././simpleserial/simpleserial.c **** 	char c;
 254:.././simpleserial/simpleserial.c **** 	unsigned int len;
 255:.././simpleserial/simpleserial.c **** 	uint8_t (*fp)(uint8_t*, uint8_t);
 256:.././simpleserial/simpleserial.c **** 	uint8_t flags;
 257:.././simpleserial/simpleserial.c **** } ss_cmd;
 258:.././simpleserial/simpleserial.c **** static ss_cmd commands[MAX_SS_CMDS];
 259:.././simpleserial/simpleserial.c **** // Callback function for "v" command.
 260:.././simpleserial/simpleserial.c **** // This can exist in v1.0 as long as we don't actually send back an ack ("z")
 261:.././simpleserial/simpleserial.c **** uint8_t check_version(uint8_t *v, uint8_t len)
 262:.././simpleserial/simpleserial.c **** {
  28              		.loc 1 262 1 view -0
  29              		.cfi_startproc
  30              		@ args = 0, pretend = 0, frame = 0
  31              		@ frame_needed = 0, uses_anonymous_args = 0
  32              		@ link register save eliminated.
 263:.././simpleserial/simpleserial.c **** 	return SS_VER;
  33              		.loc 1 263 2 view .LVU1
 264:.././simpleserial/simpleserial.c **** }
  34              		.loc 1 264 1 is_stmt 0 view .LVU2
  35 0000 0120     		movs	r0, #1
  36              	.LVL1:
  37              		.loc 1 264 1 view .LVU3
  38              		@ sp needed
  39 0002 7047     		bx	lr
  40              		.cfi_endproc
  41              	.LFE1:
  43              		.section	.text.ss_crc,"ax",%progbits
  44              		.align	1
  45              		.global	ss_crc
  46              		.syntax unified
  47              		.code	16
  48              		.thumb_func
  49              		.fpu softvfp
  51              	ss_crc:
  52              	.LVL2:
  53              	.LFB0:
  21:.././simpleserial/simpleserial.c **** 	unsigned int k = 0;
  54              		.loc 1 21 1 is_stmt 1 view -0
  55              		.cfi_startproc
  56              		@ args = 0, pretend = 0, frame = 0
  57              		@ frame_needed = 0, uses_anonymous_args = 0
  22:.././simpleserial/simpleserial.c **** 	uint8_t crc = 0x00;
  58              		.loc 1 22 2 view .LVU5
  23:.././simpleserial/simpleserial.c **** 	while (len--) {
  59              		.loc 1 23 2 view .LVU6
  24:.././simpleserial/simpleserial.c **** 		crc ^= *buf++;
  60              		.loc 1 24 2 view .LVU7
  61 0000 0300     		movs	r3, r0
  21:.././simpleserial/simpleserial.c **** 	unsigned int k = 0;
  62              		.loc 1 21 1 is_stmt 0 view .LVU8
  63 0002 70B5     		push	{r4, r5, r6, lr}
  64              	.LCFI0:
  65              		.cfi_def_cfa_offset 16
  66              		.cfi_offset 4, -16
  67              		.cfi_offset 5, -12
  68              		.cfi_offset 6, -8
  69              		.cfi_offset 14, -4
  70 0004 4118     		adds	r1, r0, r1
  71              	.LVL3:
  27:.././simpleserial/simpleserial.c **** 		}
  72              		.loc 1 27 34 view .LVU9
  73 0006 4D25     		movs	r5, #77
  23:.././simpleserial/simpleserial.c **** 	while (len--) {
  74              		.loc 1 23 10 view .LVU10
  75 0008 0020     		movs	r0, #0
  76              	.LVL4:
  77              	.L3:
  24:.././simpleserial/simpleserial.c **** 		crc ^= *buf++;
  78              		.loc 1 24 8 is_stmt 1 view .LVU11
  24:.././simpleserial/simpleserial.c **** 		crc ^= *buf++;
  79              		.loc 1 24 8 is_stmt 0 view .LVU12
  80 000a 9942     		cmp	r1, r3
  81 000c 00D1     		bne	.L7
  30:.././simpleserial/simpleserial.c **** 
  82              		.loc 1 30 2 is_stmt 1 view .LVU13
  32:.././simpleserial/simpleserial.c **** 
  83              		.loc 1 32 1 is_stmt 0 view .LVU14
  84              		@ sp needed
  85 000e 70BD     		pop	{r4, r5, r6, pc}
  86              	.L7:
  25:.././simpleserial/simpleserial.c **** 		for (k = 0; k < 8; k++) {
  87              		.loc 1 25 3 is_stmt 1 view .LVU15
  88              	.LVL5:
  25:.././simpleserial/simpleserial.c **** 		for (k = 0; k < 8; k++) {
  89              		.loc 1 25 7 is_stmt 0 view .LVU16
  90 0010 0824     		movs	r4, #8
  91 0012 1A78     		ldrb	r2, [r3]
  92 0014 5040     		eors	r0, r2
  93              	.LVL6:
  26:.././simpleserial/simpleserial.c **** 			crc = crc & 0x80 ? (crc << 1) ^ CW_CRC: crc << 1;
  94              		.loc 1 26 3 is_stmt 1 view .LVU17
  26:.././simpleserial/simpleserial.c **** 			crc = crc & 0x80 ? (crc << 1) ^ CW_CRC: crc << 1;
  95              		.loc 1 26 15 view .LVU18
  96              	.L6:
  27:.././simpleserial/simpleserial.c **** 		}
  97              		.loc 1 27 4 view .LVU19
  27:.././simpleserial/simpleserial.c **** 		}
  98              		.loc 1 27 8 is_stmt 0 view .LVU20
  99 0016 46B2     		sxtb	r6, r0
 100 0018 4200     		lsls	r2, r0, #1
 101 001a D0B2     		uxtb	r0, r2
 102              	.LVL7:
  27:.././simpleserial/simpleserial.c **** 		}
 103              		.loc 1 27 8 view .LVU21
 104 001c 002E     		cmp	r6, #0
 105 001e 01DA     		bge	.L5
  27:.././simpleserial/simpleserial.c **** 		}
 106              		.loc 1 27 34 discriminator 1 view .LVU22
 107 0020 6A40     		eors	r2, r5
  27:.././simpleserial/simpleserial.c **** 		}
 108              		.loc 1 27 8 discriminator 1 view .LVU23
 109 0022 D0B2     		uxtb	r0, r2
 110              	.L5:
 111              	.LVL8:
  26:.././simpleserial/simpleserial.c **** 			crc = crc & 0x80 ? (crc << 1) ^ CW_CRC: crc << 1;
 112              		.loc 1 26 22 is_stmt 1 discriminator 4 view .LVU24
  26:.././simpleserial/simpleserial.c **** 			crc = crc & 0x80 ? (crc << 1) ^ CW_CRC: crc << 1;
 113              		.loc 1 26 15 discriminator 4 view .LVU25
  26:.././simpleserial/simpleserial.c **** 			crc = crc & 0x80 ? (crc << 1) ^ CW_CRC: crc << 1;
 114              		.loc 1 26 3 is_stmt 0 discriminator 4 view .LVU26
 115 0024 013C     		subs	r4, r4, #1
 116              	.LVL9:
  26:.././simpleserial/simpleserial.c **** 			crc = crc & 0x80 ? (crc << 1) ^ CW_CRC: crc << 1;
 117              		.loc 1 26 3 discriminator 4 view .LVU27
 118 0026 002C     		cmp	r4, #0
 119 0028 F5D1     		bne	.L6
 120 002a 0133     		adds	r3, r3, #1
 121              	.LVL10:
  26:.././simpleserial/simpleserial.c **** 			crc = crc & 0x80 ? (crc << 1) ^ CW_CRC: crc << 1;
 122              		.loc 1 26 3 discriminator 4 view .LVU28
 123 002c EDE7     		b	.L3
 124              		.cfi_endproc
 125              	.LFE0:
 127              		.section	.text.hex_decode,"ax",%progbits
 128              		.align	1
 129              		.global	hex_decode
 130              		.syntax unified
 131              		.code	16
 132              		.thumb_func
 133              		.fpu softvfp
 135              	hex_decode:
 136              	.LVL11:
 137              	.LFB4:
 265:.././simpleserial/simpleserial.c **** 
 266:.././simpleserial/simpleserial.c **** uint8_t ss_num_commands(uint8_t *x, uint8_t len)
 267:.././simpleserial/simpleserial.c **** {
 268:.././simpleserial/simpleserial.c ****     uint8_t ncmds = num_commands & 0xFF;
 269:.././simpleserial/simpleserial.c ****     simpleserial_put('r', 0x01, &ncmds);
 270:.././simpleserial/simpleserial.c ****     return 0x00;
 271:.././simpleserial/simpleserial.c **** }
 272:.././simpleserial/simpleserial.c **** 
 273:.././simpleserial/simpleserial.c **** typedef struct ss_cmd_repr {
 274:.././simpleserial/simpleserial.c ****     uint8_t c;
 275:.././simpleserial/simpleserial.c ****     uint8_t len;
 276:.././simpleserial/simpleserial.c ****     uint8_t flags;
 277:.././simpleserial/simpleserial.c **** } ss_cmd_repr;
 278:.././simpleserial/simpleserial.c **** 
 279:.././simpleserial/simpleserial.c **** uint8_t ss_get_commands(uint8_t *x, uint8_t len)
 280:.././simpleserial/simpleserial.c **** {
 281:.././simpleserial/simpleserial.c ****     ss_cmd_repr repr_cmd_buf[MAX_SS_CMDS];
 282:.././simpleserial/simpleserial.c ****     for (uint8_t i = 0; i < (num_commands & 0xFF); i++) {
 283:.././simpleserial/simpleserial.c ****         repr_cmd_buf[i].c = commands[i].c;
 284:.././simpleserial/simpleserial.c ****         repr_cmd_buf[i].len = commands[i].len;
 285:.././simpleserial/simpleserial.c ****         repr_cmd_buf[i].flags = commands[i].flags;
 286:.././simpleserial/simpleserial.c ****     }
 287:.././simpleserial/simpleserial.c **** 
 288:.././simpleserial/simpleserial.c ****     simpleserial_put('r', num_commands * 0x03, (void *) repr_cmd_buf);
 289:.././simpleserial/simpleserial.c ****     return 0x00;
 290:.././simpleserial/simpleserial.c **** }
 291:.././simpleserial/simpleserial.c **** 
 292:.././simpleserial/simpleserial.c **** static char hex_lookup[16] =
 293:.././simpleserial/simpleserial.c **** {
 294:.././simpleserial/simpleserial.c **** 	'0', '1', '2', '3', '4', '5', '6', '7',
 295:.././simpleserial/simpleserial.c **** 	'8', '9', 'A', 'B', 'C', 'D', 'E', 'F'
 296:.././simpleserial/simpleserial.c **** };
 297:.././simpleserial/simpleserial.c **** 
 298:.././simpleserial/simpleserial.c **** int hex_decode(int len, char* ascii_buf, uint8_t* data_buf)
 299:.././simpleserial/simpleserial.c **** {
 138              		.loc 1 299 1 is_stmt 1 view -0
 139              		.cfi_startproc
 140              		@ args = 0, pretend = 0, frame = 0
 141              		@ frame_needed = 0, uses_anonymous_args = 0
 300:.././simpleserial/simpleserial.c **** 	for(int i = 0; i < len; i++)
 142              		.loc 1 300 2 view .LVU30
 143              	.LBB2:
 144              		.loc 1 300 6 view .LVU31
 145              		.loc 1 300 6 is_stmt 0 view .LVU32
 146              	.LBE2:
 299:.././simpleserial/simpleserial.c **** 	for(int i = 0; i < len; i++)
 147              		.loc 1 299 1 view .LVU33
 148 0000 70B5     		push	{r4, r5, r6, lr}
 149              	.LCFI1:
 150              		.cfi_def_cfa_offset 16
 151              		.cfi_offset 4, -16
 152              		.cfi_offset 5, -12
 153              		.cfi_offset 6, -8
 154              		.cfi_offset 14, -4
 155              	.LBB6:
 156              		.loc 1 300 2 view .LVU34
 157 0002 1400     		movs	r4, r2
 158              	.LVL12:
 159              	.L10:
 160              		.loc 1 300 17 is_stmt 1 discriminator 1 view .LVU35
 161              		.loc 1 300 2 is_stmt 0 discriminator 1 view .LVU36
 162 0004 A31A     		subs	r3, r4, r2
 163 0006 9842     		cmp	r0, r3
 164 0008 01DC     		bgt	.L20
 165              	.LBE6:
 301:.././simpleserial/simpleserial.c **** 	{
 302:.././simpleserial/simpleserial.c **** 		char n_hi = ascii_buf[2*i];
 303:.././simpleserial/simpleserial.c **** 		char n_lo = ascii_buf[2*i+1];
 304:.././simpleserial/simpleserial.c **** 
 305:.././simpleserial/simpleserial.c **** 		if(n_lo >= '0' && n_lo <= '9')
 306:.././simpleserial/simpleserial.c **** 			data_buf[i] = n_lo - '0';
 307:.././simpleserial/simpleserial.c **** 		else if(n_lo >= 'A' && n_lo <= 'F')
 308:.././simpleserial/simpleserial.c **** 			data_buf[i] = n_lo - 'A' + 10;
 309:.././simpleserial/simpleserial.c **** 		else if(n_lo >= 'a' && n_lo <= 'f')
 310:.././simpleserial/simpleserial.c **** 			data_buf[i] = n_lo - 'a' + 10;
 311:.././simpleserial/simpleserial.c **** 		else
 312:.././simpleserial/simpleserial.c **** 			return 1;
 313:.././simpleserial/simpleserial.c **** 
 314:.././simpleserial/simpleserial.c **** 		if(n_hi >= '0' && n_hi <= '9')
 315:.././simpleserial/simpleserial.c **** 			data_buf[i] |= (n_hi - '0') << 4;
 316:.././simpleserial/simpleserial.c **** 		else if(n_hi >= 'A' && n_hi <= 'F')
 317:.././simpleserial/simpleserial.c **** 			data_buf[i] |= (n_hi - 'A' + 10) << 4;
 318:.././simpleserial/simpleserial.c **** 		else if(n_hi >= 'a' && n_hi <= 'f')
 319:.././simpleserial/simpleserial.c **** 			data_buf[i] |= (n_hi - 'a' + 10) << 4;
 320:.././simpleserial/simpleserial.c **** 		else
 321:.././simpleserial/simpleserial.c **** 			return 1;
 322:.././simpleserial/simpleserial.c **** 	}
 323:.././simpleserial/simpleserial.c **** 
 324:.././simpleserial/simpleserial.c **** 	return 0;
 166              		.loc 1 324 9 view .LVU37
 167 000a 0020     		movs	r0, #0
 168              	.LVL13:
 169              		.loc 1 324 9 view .LVU38
 170 000c 1FE0     		b	.L9
 171              	.LVL14:
 172              	.L20:
 173              	.LBB7:
 174              	.LBB3:
 302:.././simpleserial/simpleserial.c **** 		char n_lo = ascii_buf[2*i+1];
 175              		.loc 1 302 3 is_stmt 1 view .LVU39
 303:.././simpleserial/simpleserial.c **** 
 176              		.loc 1 303 8 is_stmt 0 view .LVU40
 177 000e 4D78     		ldrb	r5, [r1, #1]
 302:.././simpleserial/simpleserial.c **** 		char n_lo = ascii_buf[2*i+1];
 178              		.loc 1 302 8 view .LVU41
 179 0010 0B78     		ldrb	r3, [r1]
 180              	.LVL15:
 303:.././simpleserial/simpleserial.c **** 
 181              		.loc 1 303 3 is_stmt 1 view .LVU42
 305:.././simpleserial/simpleserial.c **** 			data_buf[i] = n_lo - '0';
 182              		.loc 1 305 3 view .LVU43
 305:.././simpleserial/simpleserial.c **** 			data_buf[i] = n_lo - '0';
 183              		.loc 1 305 18 is_stmt 0 view .LVU44
 184 0012 2E00     		movs	r6, r5
 185 0014 303E     		subs	r6, r6, #48
 186 0016 F6B2     		uxtb	r6, r6
 305:.././simpleserial/simpleserial.c **** 			data_buf[i] = n_lo - '0';
 187              		.loc 1 305 5 view .LVU45
 188 0018 092E     		cmp	r6, #9
 189 001a 0CD8     		bhi	.L11
 306:.././simpleserial/simpleserial.c **** 		else if(n_lo >= 'A' && n_lo <= 'F')
 190              		.loc 1 306 4 is_stmt 1 view .LVU46
 306:.././simpleserial/simpleserial.c **** 		else if(n_lo >= 'A' && n_lo <= 'F')
 191              		.loc 1 306 16 is_stmt 0 view .LVU47
 192 001c 2670     		strb	r6, [r4]
 193              	.LVL16:
 194              	.L12:
 314:.././simpleserial/simpleserial.c **** 			data_buf[i] |= (n_hi - '0') << 4;
 195              		.loc 1 314 3 is_stmt 1 view .LVU48
 314:.././simpleserial/simpleserial.c **** 			data_buf[i] |= (n_hi - '0') << 4;
 196              		.loc 1 314 18 is_stmt 0 view .LVU49
 197 001e 1D00     		movs	r5, r3
 198 0020 303D     		subs	r5, r5, #48
 314:.././simpleserial/simpleserial.c **** 			data_buf[i] |= (n_hi - '0') << 4;
 199              		.loc 1 314 5 view .LVU50
 200 0022 EEB2     		uxtb	r6, r5
 201 0024 092E     		cmp	r6, #9
 202 0026 15D8     		bhi	.L16
 315:.././simpleserial/simpleserial.c **** 		else if(n_hi >= 'A' && n_hi <= 'F')
 203              		.loc 1 315 4 is_stmt 1 view .LVU51
 315:.././simpleserial/simpleserial.c **** 		else if(n_hi >= 'A' && n_hi <= 'F')
 204              		.loc 1 315 16 is_stmt 0 view .LVU52
 205 0028 2378     		ldrb	r3, [r4]
 206              	.LVL17:
 315:.././simpleserial/simpleserial.c **** 		else if(n_hi >= 'A' && n_hi <= 'F')
 207              		.loc 1 315 32 view .LVU53
 208 002a 2D01     		lsls	r5, r5, #4
 209              	.LVL18:
 315:.././simpleserial/simpleserial.c **** 		else if(n_hi >= 'A' && n_hi <= 'F')
 210              		.loc 1 315 16 view .LVU54
 211 002c 1D43     		orrs	r5, r3
 212 002e 2570     		strb	r5, [r4]
 213              	.L17:
 315:.././simpleserial/simpleserial.c **** 		else if(n_hi >= 'A' && n_hi <= 'F')
 214              		.loc 1 315 16 view .LVU55
 215              	.LBE3:
 300:.././simpleserial/simpleserial.c **** 	{
 216              		.loc 1 300 26 is_stmt 1 discriminator 2 view .LVU56
 217              	.LVL19:
 300:.././simpleserial/simpleserial.c **** 	{
 218              		.loc 1 300 26 is_stmt 0 discriminator 2 view .LVU57
 219 0030 0134     		adds	r4, r4, #1
 220              	.LVL20:
 300:.././simpleserial/simpleserial.c **** 	{
 221              		.loc 1 300 26 discriminator 2 view .LVU58
 222 0032 0231     		adds	r1, r1, #2
 223 0034 E6E7     		b	.L10
 224              	.LVL21:
 225              	.L11:
 226              	.LBB4:
 307:.././simpleserial/simpleserial.c **** 			data_buf[i] = n_lo - 'A' + 10;
 227              		.loc 1 307 8 is_stmt 1 view .LVU59
 307:.././simpleserial/simpleserial.c **** 			data_buf[i] = n_lo - 'A' + 10;
 228              		.loc 1 307 10 is_stmt 0 view .LVU60
 229 0036 2E00     		movs	r6, r5
 230 0038 413E     		subs	r6, r6, #65
 231 003a 052E     		cmp	r6, #5
 232 003c 02D8     		bhi	.L13
 308:.././simpleserial/simpleserial.c **** 		else if(n_lo >= 'a' && n_lo <= 'f')
 233              		.loc 1 308 4 is_stmt 1 view .LVU61
 308:.././simpleserial/simpleserial.c **** 		else if(n_lo >= 'a' && n_lo <= 'f')
 234              		.loc 1 308 29 is_stmt 0 view .LVU62
 235 003e 373D     		subs	r5, r5, #55
 236              	.LVL22:
 237              	.L21:
 310:.././simpleserial/simpleserial.c **** 		else
 238              		.loc 1 310 16 view .LVU63
 239 0040 2570     		strb	r5, [r4]
 240              	.LVL23:
 310:.././simpleserial/simpleserial.c **** 		else
 241              		.loc 1 310 16 view .LVU64
 242 0042 ECE7     		b	.L12
 243              	.LVL24:
 244              	.L13:
 309:.././simpleserial/simpleserial.c **** 			data_buf[i] = n_lo - 'a' + 10;
 245              		.loc 1 309 8 is_stmt 1 view .LVU65
 309:.././simpleserial/simpleserial.c **** 			data_buf[i] = n_lo - 'a' + 10;
 246              		.loc 1 309 10 is_stmt 0 view .LVU66
 247 0044 2E00     		movs	r6, r5
 248 0046 613E     		subs	r6, r6, #97
 249 0048 052E     		cmp	r6, #5
 250 004a 01D9     		bls	.L14
 251              	.LVL25:
 252              	.L19:
 312:.././simpleserial/simpleserial.c **** 
 253              		.loc 1 312 11 view .LVU67
 254 004c 0120     		movs	r0, #1
 255              	.LVL26:
 256              	.L9:
 312:.././simpleserial/simpleserial.c **** 
 257              		.loc 1 312 11 view .LVU68
 258              	.LBE4:
 259              	.LBE7:
 325:.././simpleserial/simpleserial.c **** }
 260              		.loc 1 325 1 view .LVU69
 261              		@ sp needed
 262              	.LVL27:
 263              		.loc 1 325 1 view .LVU70
 264 004e 70BD     		pop	{r4, r5, r6, pc}
 265              	.LVL28:
 266              	.L14:
 267              	.LBB8:
 268              	.LBB5:
 310:.././simpleserial/simpleserial.c **** 		else
 269              		.loc 1 310 4 is_stmt 1 view .LVU71
 310:.././simpleserial/simpleserial.c **** 		else
 270              		.loc 1 310 29 is_stmt 0 view .LVU72
 271 0050 573D     		subs	r5, r5, #87
 272              	.LVL29:
 310:.././simpleserial/simpleserial.c **** 		else
 273              		.loc 1 310 29 view .LVU73
 274 0052 F5E7     		b	.L21
 275              	.LVL30:
 276              	.L16:
 316:.././simpleserial/simpleserial.c **** 			data_buf[i] |= (n_hi - 'A' + 10) << 4;
 277              		.loc 1 316 8 is_stmt 1 view .LVU74
 316:.././simpleserial/simpleserial.c **** 			data_buf[i] |= (n_hi - 'A' + 10) << 4;
 278              		.loc 1 316 10 is_stmt 0 view .LVU75
 279 0054 1D00     		movs	r5, r3
 280 0056 413D     		subs	r5, r5, #65
 281 0058 052D     		cmp	r5, #5
 282 005a 05D8     		bhi	.L18
 317:.././simpleserial/simpleserial.c **** 		else if(n_hi >= 'a' && n_hi <= 'f')
 283              		.loc 1 317 4 is_stmt 1 view .LVU76
 317:.././simpleserial/simpleserial.c **** 		else if(n_hi >= 'a' && n_hi <= 'f')
 284              		.loc 1 317 31 is_stmt 0 view .LVU77
 285 005c 373B     		subs	r3, r3, #55
 286              	.LVL31:
 287              	.L22:
 319:.././simpleserial/simpleserial.c **** 		else
 288              		.loc 1 319 16 view .LVU78
 289 005e 2578     		ldrb	r5, [r4]
 319:.././simpleserial/simpleserial.c **** 		else
 290              		.loc 1 319 37 view .LVU79
 291 0060 1B01     		lsls	r3, r3, #4
 319:.././simpleserial/simpleserial.c **** 		else
 292              		.loc 1 319 16 view .LVU80
 293 0062 2B43     		orrs	r3, r5
 294 0064 2370     		strb	r3, [r4]
 295 0066 E3E7     		b	.L17
 296              	.LVL32:
 297              	.L18:
 318:.././simpleserial/simpleserial.c **** 			data_buf[i] |= (n_hi - 'a' + 10) << 4;
 298              		.loc 1 318 8 is_stmt 1 view .LVU81
 318:.././simpleserial/simpleserial.c **** 			data_buf[i] |= (n_hi - 'a' + 10) << 4;
 299              		.loc 1 318 10 is_stmt 0 view .LVU82
 300 0068 1D00     		movs	r5, r3
 301 006a 613D     		subs	r5, r5, #97
 302 006c 052D     		cmp	r5, #5
 303 006e EDD8     		bhi	.L19
 319:.././simpleserial/simpleserial.c **** 		else
 304              		.loc 1 319 4 is_stmt 1 view .LVU83
 319:.././simpleserial/simpleserial.c **** 		else
 305              		.loc 1 319 31 is_stmt 0 view .LVU84
 306 0070 573B     		subs	r3, r3, #87
 307              	.LVL33:
 319:.././simpleserial/simpleserial.c **** 		else
 308              		.loc 1 319 31 view .LVU85
 309 0072 F4E7     		b	.L22
 310              	.LBE5:
 311              	.LBE8:
 312              		.cfi_endproc
 313              	.LFE4:
 315              		.section	.text.simpleserial_addcmd_flags,"ax",%progbits
 316              		.align	1
 317              		.global	simpleserial_addcmd_flags
 318              		.syntax unified
 319              		.code	16
 320              		.thumb_func
 321              		.fpu softvfp
 323              	simpleserial_addcmd_flags:
 324              	.LVL34:
 325              	.LFB7:
 326:.././simpleserial/simpleserial.c **** 
 327:.././simpleserial/simpleserial.c **** 
 328:.././simpleserial/simpleserial.c **** 
 329:.././simpleserial/simpleserial.c **** // Set up the SimpleSerial module by preparing internal commands
 330:.././simpleserial/simpleserial.c **** // This just adds the "v" command for now...
 331:.././simpleserial/simpleserial.c **** void simpleserial_init()
 332:.././simpleserial/simpleserial.c **** {
 333:.././simpleserial/simpleserial.c **** 	simpleserial_addcmd('v', 0, check_version);
 334:.././simpleserial/simpleserial.c ****     simpleserial_addcmd('w', 0, ss_get_commands);
 335:.././simpleserial/simpleserial.c ****     simpleserial_addcmd('y', 0, ss_num_commands);
 336:.././simpleserial/simpleserial.c **** }
 337:.././simpleserial/simpleserial.c **** 
 338:.././simpleserial/simpleserial.c **** int simpleserial_addcmd(char c, unsigned int len, uint8_t (*fp)(uint8_t*, uint8_t))
 339:.././simpleserial/simpleserial.c **** {
 340:.././simpleserial/simpleserial.c **** 	return simpleserial_addcmd_flags(c, len, fp, CMD_FLAG_NONE);
 341:.././simpleserial/simpleserial.c **** }
 342:.././simpleserial/simpleserial.c **** 
 343:.././simpleserial/simpleserial.c **** int simpleserial_addcmd_flags(char c, unsigned int len, uint8_t (*fp)(uint8_t*, uint8_t), uint8_t f
 344:.././simpleserial/simpleserial.c **** {
 326              		.loc 1 344 1 is_stmt 1 view -0
 327              		.cfi_startproc
 328              		@ args = 0, pretend = 0, frame = 0
 329              		@ frame_needed = 0, uses_anonymous_args = 0
 345:.././simpleserial/simpleserial.c **** 	if(num_commands >= MAX_SS_CMDS)
 330              		.loc 1 345 2 view .LVU87
 344:.././simpleserial/simpleserial.c **** 	if(num_commands >= MAX_SS_CMDS)
 331              		.loc 1 344 1 is_stmt 0 view .LVU88
 332 0000 F0B5     		push	{r4, r5, r6, r7, lr}
 333              	.LCFI2:
 334              		.cfi_def_cfa_offset 20
 335              		.cfi_offset 4, -20
 336              		.cfi_offset 5, -16
 337              		.cfi_offset 6, -12
 338              		.cfi_offset 7, -8
 339              		.cfi_offset 14, -4
 340              		.loc 1 345 18 view .LVU89
 341 0002 094E     		ldr	r6, .L27
 344:.././simpleserial/simpleserial.c **** 	if(num_commands >= MAX_SS_CMDS)
 342              		.loc 1 344 1 view .LVU90
 343 0004 0500     		movs	r5, r0
 344              		.loc 1 345 18 view .LVU91
 345 0006 3468     		ldr	r4, [r6]
 346:.././simpleserial/simpleserial.c **** 		return 1;
 346              		.loc 1 346 10 view .LVU92
 347 0008 0120     		movs	r0, #1
 348              	.LVL35:
 345:.././simpleserial/simpleserial.c **** 	if(num_commands >= MAX_SS_CMDS)
 349              		.loc 1 345 4 view .LVU93
 350 000a 0F2C     		cmp	r4, #15
 351 000c 0BDC     		bgt	.L23
 347:.././simpleserial/simpleserial.c **** 
 348:.././simpleserial/simpleserial.c **** 	if(len >= MAX_SS_LEN)
 352              		.loc 1 348 2 is_stmt 1 view .LVU94
 353              		.loc 1 348 4 is_stmt 0 view .LVU95
 354 000e FF29     		cmp	r1, #255
 355 0010 09D8     		bhi	.L23
 349:.././simpleserial/simpleserial.c **** 		return 1;
 350:.././simpleserial/simpleserial.c **** 
 351:.././simpleserial/simpleserial.c **** 	commands[num_commands].c   = c;
 356              		.loc 1 351 2 is_stmt 1 view .LVU96
 357              		.loc 1 351 29 is_stmt 0 view .LVU97
 358 0012 0648     		ldr	r0, .L27+4
 359 0014 2701     		lsls	r7, r4, #4
 360 0016 3D54     		strb	r5, [r7, r0]
 352:.././simpleserial/simpleserial.c **** 	commands[num_commands].len = len;
 361              		.loc 1 352 2 is_stmt 1 view .LVU98
 362              		.loc 1 352 29 is_stmt 0 view .LVU99
 363 0018 C019     		adds	r0, r0, r7
 364 001a 4160     		str	r1, [r0, #4]
 353:.././simpleserial/simpleserial.c **** 	commands[num_commands].fp  = fp;
 365              		.loc 1 353 2 is_stmt 1 view .LVU100
 366              		.loc 1 353 29 is_stmt 0 view .LVU101
 367 001c 8260     		str	r2, [r0, #8]
 354:.././simpleserial/simpleserial.c **** 	commands[num_commands].flags = fl;
 368              		.loc 1 354 2 is_stmt 1 view .LVU102
 369              		.loc 1 354 31 is_stmt 0 view .LVU103
 370 001e 0373     		strb	r3, [r0, #12]
 355:.././simpleserial/simpleserial.c **** 	num_commands++;
 371              		.loc 1 355 2 is_stmt 1 view .LVU104
 356:.././simpleserial/simpleserial.c **** 
 357:.././simpleserial/simpleserial.c **** 	return 0;
 372              		.loc 1 357 9 is_stmt 0 view .LVU105
 373 0020 0020     		movs	r0, #0
 355:.././simpleserial/simpleserial.c **** 	num_commands++;
 374              		.loc 1 355 14 view .LVU106
 375 0022 0134     		adds	r4, r4, #1
 376 0024 3460     		str	r4, [r6]
 377              		.loc 1 357 2 is_stmt 1 view .LVU107
 378              	.L23:
 358:.././simpleserial/simpleserial.c **** }
 379              		.loc 1 358 1 is_stmt 0 view .LVU108
 380              		@ sp needed
 381 0026 F0BD     		pop	{r4, r5, r6, r7, pc}
 382              	.L28:
 383              		.align	2
 384              	.L27:
 385 0028 00000000 		.word	.LANCHOR0
 386 002c 04000000 		.word	commands
 387              		.cfi_endproc
 388              	.LFE7:
 390              		.section	.text.simpleserial_addcmd,"ax",%progbits
 391              		.align	1
 392              		.global	simpleserial_addcmd
 393              		.syntax unified
 394              		.code	16
 395              		.thumb_func
 396              		.fpu softvfp
 398              	simpleserial_addcmd:
 399              	.LVL36:
 400              	.LFB6:
 339:.././simpleserial/simpleserial.c **** 	return simpleserial_addcmd_flags(c, len, fp, CMD_FLAG_NONE);
 401              		.loc 1 339 1 is_stmt 1 view -0
 402              		.cfi_startproc
 403              		@ args = 0, pretend = 0, frame = 0
 404              		@ frame_needed = 0, uses_anonymous_args = 0
 340:.././simpleserial/simpleserial.c **** }
 405              		.loc 1 340 2 view .LVU110
 339:.././simpleserial/simpleserial.c **** 	return simpleserial_addcmd_flags(c, len, fp, CMD_FLAG_NONE);
 406              		.loc 1 339 1 is_stmt 0 view .LVU111
 407 0000 10B5     		push	{r4, lr}
 408              	.LCFI3:
 409              		.cfi_def_cfa_offset 8
 410              		.cfi_offset 4, -8
 411              		.cfi_offset 14, -4
 340:.././simpleserial/simpleserial.c **** }
 412              		.loc 1 340 9 view .LVU112
 413 0002 0023     		movs	r3, #0
 341:.././simpleserial/simpleserial.c **** 
 414              		.loc 1 341 1 view .LVU113
 415              		@ sp needed
 340:.././simpleserial/simpleserial.c **** }
 416              		.loc 1 340 9 view .LVU114
 417 0004 FFF7FEFF 		bl	simpleserial_addcmd_flags
 418              	.LVL37:
 341:.././simpleserial/simpleserial.c **** 
 419              		.loc 1 341 1 view .LVU115
 420 0008 10BD     		pop	{r4, pc}
 421              		.cfi_endproc
 422              	.LFE6:
 424              		.section	.text.simpleserial_init,"ax",%progbits
 425              		.align	1
 426              		.global	simpleserial_init
 427              		.syntax unified
 428              		.code	16
 429              		.thumb_func
 430              		.fpu softvfp
 432              	simpleserial_init:
 433              	.LFB5:
 332:.././simpleserial/simpleserial.c **** 	simpleserial_addcmd('v', 0, check_version);
 434              		.loc 1 332 1 is_stmt 1 view -0
 435              		.cfi_startproc
 436              		@ args = 0, pretend = 0, frame = 0
 437              		@ frame_needed = 0, uses_anonymous_args = 0
 333:.././simpleserial/simpleserial.c ****     simpleserial_addcmd('w', 0, ss_get_commands);
 438              		.loc 1 333 2 view .LVU117
 332:.././simpleserial/simpleserial.c **** 	simpleserial_addcmd('v', 0, check_version);
 439              		.loc 1 332 1 is_stmt 0 view .LVU118
 440 0000 10B5     		push	{r4, lr}
 441              	.LCFI4:
 442              		.cfi_def_cfa_offset 8
 443              		.cfi_offset 4, -8
 444              		.cfi_offset 14, -4
 333:.././simpleserial/simpleserial.c ****     simpleserial_addcmd('w', 0, ss_get_commands);
 445              		.loc 1 333 2 view .LVU119
 446 0002 0021     		movs	r1, #0
 336:.././simpleserial/simpleserial.c **** 
 447              		.loc 1 336 1 view .LVU120
 448              		@ sp needed
 333:.././simpleserial/simpleserial.c ****     simpleserial_addcmd('w', 0, ss_get_commands);
 449              		.loc 1 333 2 view .LVU121
 450 0004 074A     		ldr	r2, .L31
 451 0006 7620     		movs	r0, #118
 452 0008 FFF7FEFF 		bl	simpleserial_addcmd
 453              	.LVL38:
 334:.././simpleserial/simpleserial.c ****     simpleserial_addcmd('y', 0, ss_num_commands);
 454              		.loc 1 334 5 is_stmt 1 view .LVU122
 455 000c 0021     		movs	r1, #0
 456 000e 064A     		ldr	r2, .L31+4
 457 0010 7720     		movs	r0, #119
 458 0012 FFF7FEFF 		bl	simpleserial_addcmd
 459              	.LVL39:
 335:.././simpleserial/simpleserial.c **** }
 460              		.loc 1 335 5 view .LVU123
 461 0016 0021     		movs	r1, #0
 462 0018 7920     		movs	r0, #121
 463 001a 044A     		ldr	r2, .L31+8
 464 001c FFF7FEFF 		bl	simpleserial_addcmd
 465              	.LVL40:
 336:.././simpleserial/simpleserial.c **** 
 466              		.loc 1 336 1 is_stmt 0 view .LVU124
 467 0020 10BD     		pop	{r4, pc}
 468              	.L32:
 469 0022 C046     		.align	2
 470              	.L31:
 471 0024 00000000 		.word	check_version
 472 0028 00000000 		.word	ss_get_commands
 473 002c 00000000 		.word	ss_num_commands
 474              		.cfi_endproc
 475              	.LFE5:
 477              		.section	.text.simpleserial_put,"ax",%progbits
 478              		.align	1
 479              		.global	simpleserial_put
 480              		.syntax unified
 481              		.code	16
 482              		.thumb_func
 483              		.fpu softvfp
 485              	simpleserial_put:
 486              	.LVL41:
 487              	.LFB9:
 359:.././simpleserial/simpleserial.c **** 
 360:.././simpleserial/simpleserial.c **** void simpleserial_get(void)
 361:.././simpleserial/simpleserial.c **** {
 362:.././simpleserial/simpleserial.c **** 	char ascii_buf[2*MAX_SS_LEN];
 363:.././simpleserial/simpleserial.c **** 	uint8_t data_buf[MAX_SS_LEN];
 364:.././simpleserial/simpleserial.c **** 	char c;
 365:.././simpleserial/simpleserial.c **** 
 366:.././simpleserial/simpleserial.c **** 	// Find which command we're receiving
 367:.././simpleserial/simpleserial.c **** 	c = getch();
 368:.././simpleserial/simpleserial.c **** 
 369:.././simpleserial/simpleserial.c **** 	int cmd;
 370:.././simpleserial/simpleserial.c **** 	for(cmd = 0; cmd < num_commands; cmd++)
 371:.././simpleserial/simpleserial.c **** 	{
 372:.././simpleserial/simpleserial.c **** 		if(commands[cmd].c == c)
 373:.././simpleserial/simpleserial.c **** 			break;
 374:.././simpleserial/simpleserial.c **** 	}
 375:.././simpleserial/simpleserial.c **** 
 376:.././simpleserial/simpleserial.c **** 	// If we didn't find a match, give up right away
 377:.././simpleserial/simpleserial.c **** 	if(cmd == num_commands)
 378:.././simpleserial/simpleserial.c **** 		return;
 379:.././simpleserial/simpleserial.c **** 
 380:.././simpleserial/simpleserial.c **** 	// If flag CMD_FLAG_LEN is set, the next byte indicates the sent length
 381:.././simpleserial/simpleserial.c **** 	if ((commands[cmd].flags & CMD_FLAG_LEN) != 0)
 382:.././simpleserial/simpleserial.c **** 	{
 383:.././simpleserial/simpleserial.c **** 		uint8_t l = 0;
 384:.././simpleserial/simpleserial.c **** 		char buff[2];
 385:.././simpleserial/simpleserial.c **** 		buff[0] = getch();
 386:.././simpleserial/simpleserial.c **** 		buff[1] = getch();
 387:.././simpleserial/simpleserial.c **** 		if (hex_decode(1, buff, &l))
 388:.././simpleserial/simpleserial.c **** 			return;
 389:.././simpleserial/simpleserial.c **** 		commands[cmd].len = l;
 390:.././simpleserial/simpleserial.c **** 	}
 391:.././simpleserial/simpleserial.c **** 
 392:.././simpleserial/simpleserial.c **** 	// Receive characters until we fill the ASCII buffer
 393:.././simpleserial/simpleserial.c **** 	for(int i = 0; i < 2*commands[cmd].len; i++)
 394:.././simpleserial/simpleserial.c **** 	{
 395:.././simpleserial/simpleserial.c **** 		c = getch();
 396:.././simpleserial/simpleserial.c **** 
 397:.././simpleserial/simpleserial.c **** 		// Check for early \n
 398:.././simpleserial/simpleserial.c **** 		if(c == '\n' || c == '\r')
 399:.././simpleserial/simpleserial.c **** 			return;
 400:.././simpleserial/simpleserial.c **** 
 401:.././simpleserial/simpleserial.c **** 		ascii_buf[i] = c;
 402:.././simpleserial/simpleserial.c **** 	}
 403:.././simpleserial/simpleserial.c **** 
 404:.././simpleserial/simpleserial.c **** 	// Assert that last character is \n or \r
 405:.././simpleserial/simpleserial.c **** 	c = getch();
 406:.././simpleserial/simpleserial.c **** 	if(c != '\n' && c != '\r')
 407:.././simpleserial/simpleserial.c **** 		return;
 408:.././simpleserial/simpleserial.c **** 
 409:.././simpleserial/simpleserial.c **** 	// ASCII buffer is full: convert to bytes
 410:.././simpleserial/simpleserial.c **** 	// Check for illegal characters here
 411:.././simpleserial/simpleserial.c **** 	if(hex_decode(commands[cmd].len, ascii_buf, data_buf))
 412:.././simpleserial/simpleserial.c **** 		return;
 413:.././simpleserial/simpleserial.c **** 
 414:.././simpleserial/simpleserial.c **** 	// Callback
 415:.././simpleserial/simpleserial.c **** 	uint8_t ret[1];
 416:.././simpleserial/simpleserial.c **** 	ret[0] = commands[cmd].fp(data_buf, commands[cmd].len);
 417:.././simpleserial/simpleserial.c **** 
 418:.././simpleserial/simpleserial.c **** 	// Acknowledge (if version is 1.1)
 419:.././simpleserial/simpleserial.c **** #if SS_VER == SS_VER_1_1
 420:.././simpleserial/simpleserial.c **** 	simpleserial_put('z', 1, ret);
 421:.././simpleserial/simpleserial.c **** #endif
 422:.././simpleserial/simpleserial.c **** }
 423:.././simpleserial/simpleserial.c **** 
 424:.././simpleserial/simpleserial.c **** void simpleserial_put(char c, uint8_t size, uint8_t* output)
 425:.././simpleserial/simpleserial.c **** {
 488              		.loc 1 425 1 is_stmt 1 view -0
 489              		.cfi_startproc
 490              		@ args = 0, pretend = 0, frame = 0
 491              		@ frame_needed = 0, uses_anonymous_args = 0
 492              		.loc 1 425 1 is_stmt 0 view .LVU126
 493 0000 F8B5     		push	{r3, r4, r5, r6, r7, lr}
 494              	.LCFI5:
 495              		.cfi_def_cfa_offset 24
 496              		.cfi_offset 3, -24
 497              		.cfi_offset 4, -20
 498              		.cfi_offset 5, -16
 499              		.cfi_offset 6, -12
 500              		.cfi_offset 7, -8
 501              		.cfi_offset 14, -4
 502              		.loc 1 425 1 view .LVU127
 503 0002 0D00     		movs	r5, r1
 426:.././simpleserial/simpleserial.c **** 	// Write first character
 427:.././simpleserial/simpleserial.c **** 	putch(c);
 504              		.loc 1 427 2 is_stmt 1 view .LVU128
 425:.././simpleserial/simpleserial.c **** 	// Write first character
 505              		.loc 1 425 1 is_stmt 0 view .LVU129
 506 0004 1400     		movs	r4, r2
 507              	.LBB9:
 428:.././simpleserial/simpleserial.c **** 
 429:.././simpleserial/simpleserial.c **** 	// Write each byte as two nibbles
 430:.././simpleserial/simpleserial.c **** 	for(int i = 0; i < size; i++)
 431:.././simpleserial/simpleserial.c **** 	{
 432:.././simpleserial/simpleserial.c **** 		putch(hex_lookup[output[i] >> 4 ]);
 433:.././simpleserial/simpleserial.c **** 		putch(hex_lookup[output[i] & 0xF]);
 508              		.loc 1 433 30 view .LVU130
 509 0006 0F27     		movs	r7, #15
 510              	.LBE9:
 427:.././simpleserial/simpleserial.c **** 
 511              		.loc 1 427 2 view .LVU131
 512 0008 FFF7FEFF 		bl	putch
 513              	.LVL42:
 430:.././simpleserial/simpleserial.c **** 	{
 514              		.loc 1 430 2 is_stmt 1 view .LVU132
 515              	.LBB10:
 430:.././simpleserial/simpleserial.c **** 	{
 516              		.loc 1 430 6 view .LVU133
 430:.././simpleserial/simpleserial.c **** 	{
 517              		.loc 1 430 6 is_stmt 0 view .LVU134
 518 000c 6519     		adds	r5, r4, r5
 519              	.LVL43:
 520              	.L34:
 430:.././simpleserial/simpleserial.c **** 	{
 521              		.loc 1 430 17 is_stmt 1 discriminator 1 view .LVU135
 430:.././simpleserial/simpleserial.c **** 	{
 522              		.loc 1 430 2 is_stmt 0 discriminator 1 view .LVU136
 523 000e AC42     		cmp	r4, r5
 524 0010 03D1     		bne	.L35
 525              	.LBE10:
 434:.././simpleserial/simpleserial.c **** 	}
 435:.././simpleserial/simpleserial.c **** 
 436:.././simpleserial/simpleserial.c **** 	// Write trailing '\n'
 437:.././simpleserial/simpleserial.c **** 	putch('\n');
 526              		.loc 1 437 2 is_stmt 1 view .LVU137
 438:.././simpleserial/simpleserial.c **** }
 527              		.loc 1 438 1 is_stmt 0 view .LVU138
 528              		@ sp needed
 437:.././simpleserial/simpleserial.c **** }
 529              		.loc 1 437 2 view .LVU139
 530 0012 0A20     		movs	r0, #10
 531 0014 FFF7FEFF 		bl	putch
 532              	.LVL44:
 533              	.LVL45:
 534              		.loc 1 438 1 view .LVU140
 535 0018 F8BD     		pop	{r3, r4, r5, r6, r7, pc}
 536              	.LVL46:
 537              	.L35:
 538              	.LBB11:
 432:.././simpleserial/simpleserial.c **** 		putch(hex_lookup[output[i] & 0xF]);
 539              		.loc 1 432 3 is_stmt 1 discriminator 3 view .LVU141
 432:.././simpleserial/simpleserial.c **** 		putch(hex_lookup[output[i] & 0xF]);
 540              		.loc 1 432 30 is_stmt 0 discriminator 3 view .LVU142
 541 001a 2378     		ldrb	r3, [r4]
 432:.././simpleserial/simpleserial.c **** 		putch(hex_lookup[output[i] & 0xF]);
 542              		.loc 1 432 3 discriminator 3 view .LVU143
 543 001c 054E     		ldr	r6, .L36
 432:.././simpleserial/simpleserial.c **** 		putch(hex_lookup[output[i] & 0xF]);
 544              		.loc 1 432 30 discriminator 3 view .LVU144
 545 001e 1B09     		lsrs	r3, r3, #4
 432:.././simpleserial/simpleserial.c **** 		putch(hex_lookup[output[i] & 0xF]);
 546              		.loc 1 432 3 discriminator 3 view .LVU145
 547 0020 F05C     		ldrb	r0, [r6, r3]
 548 0022 FFF7FEFF 		bl	putch
 549              	.LVL47:
 433:.././simpleserial/simpleserial.c **** 	}
 550              		.loc 1 433 3 is_stmt 1 discriminator 3 view .LVU146
 433:.././simpleserial/simpleserial.c **** 	}
 551              		.loc 1 433 30 is_stmt 0 discriminator 3 view .LVU147
 552 0026 2378     		ldrb	r3, [r4]
 553 0028 0134     		adds	r4, r4, #1
 554              	.LVL48:
 433:.././simpleserial/simpleserial.c **** 	}
 555              		.loc 1 433 30 discriminator 3 view .LVU148
 556 002a 3B40     		ands	r3, r7
 433:.././simpleserial/simpleserial.c **** 	}
 557              		.loc 1 433 3 discriminator 3 view .LVU149
 558 002c F05C     		ldrb	r0, [r6, r3]
 559 002e FFF7FEFF 		bl	putch
 560              	.LVL49:
 430:.././simpleserial/simpleserial.c **** 	{
 561              		.loc 1 430 27 is_stmt 1 discriminator 3 view .LVU150
 430:.././simpleserial/simpleserial.c **** 	{
 562              		.loc 1 430 27 is_stmt 0 discriminator 3 view .LVU151
 563 0032 ECE7     		b	.L34
 564              	.L37:
 565              		.align	2
 566              	.L36:
 567 0034 00000000 		.word	.LANCHOR1
 568              	.LBE11:
 569              		.cfi_endproc
 570              	.LFE9:
 572              		.section	.text.ss_num_commands,"ax",%progbits
 573              		.align	1
 574              		.global	ss_num_commands
 575              		.syntax unified
 576              		.code	16
 577              		.thumb_func
 578              		.fpu softvfp
 580              	ss_num_commands:
 581              	.LVL50:
 582              	.LFB2:
 267:.././simpleserial/simpleserial.c ****     uint8_t ncmds = num_commands & 0xFF;
 583              		.loc 1 267 1 is_stmt 1 view -0
 584              		.cfi_startproc
 585              		@ args = 0, pretend = 0, frame = 8
 586              		@ frame_needed = 0, uses_anonymous_args = 0
 268:.././simpleserial/simpleserial.c ****     simpleserial_put('r', 0x01, &ncmds);
 587              		.loc 1 268 5 view .LVU153
 267:.././simpleserial/simpleserial.c ****     uint8_t ncmds = num_commands & 0xFF;
 588              		.loc 1 267 1 is_stmt 0 view .LVU154
 589 0000 07B5     		push	{r0, r1, r2, lr}
 590              	.LCFI6:
 591              		.cfi_def_cfa_offset 16
 592              		.cfi_offset 0, -16
 593              		.cfi_offset 1, -12
 594              		.cfi_offset 2, -8
 595              		.cfi_offset 14, -4
 268:.././simpleserial/simpleserial.c ****     simpleserial_put('r', 0x01, &ncmds);
 596              		.loc 1 268 13 view .LVU155
 597 0002 6B46     		mov	r3, sp
 271:.././simpleserial/simpleserial.c **** 
 598              		.loc 1 271 1 view .LVU156
 599              		@ sp needed
 268:.././simpleserial/simpleserial.c ****     simpleserial_put('r', 0x01, &ncmds);
 600              		.loc 1 268 13 view .LVU157
 601 0004 DA1D     		adds	r2, r3, #7
 602 0006 044B     		ldr	r3, .L39
 269:.././simpleserial/simpleserial.c ****     return 0x00;
 603              		.loc 1 269 5 view .LVU158
 604 0008 7220     		movs	r0, #114
 605              	.LVL51:
 268:.././simpleserial/simpleserial.c ****     simpleserial_put('r', 0x01, &ncmds);
 606              		.loc 1 268 13 view .LVU159
 607 000a 1B68     		ldr	r3, [r3]
 269:.././simpleserial/simpleserial.c ****     return 0x00;
 608              		.loc 1 269 5 view .LVU160
 609 000c 0121     		movs	r1, #1
 610              	.LVL52:
 268:.././simpleserial/simpleserial.c ****     simpleserial_put('r', 0x01, &ncmds);
 611              		.loc 1 268 13 view .LVU161
 612 000e 1370     		strb	r3, [r2]
 269:.././simpleserial/simpleserial.c ****     return 0x00;
 613              		.loc 1 269 5 is_stmt 1 view .LVU162
 614 0010 FFF7FEFF 		bl	simpleserial_put
 615              	.LVL53:
 270:.././simpleserial/simpleserial.c **** }
 616              		.loc 1 270 5 view .LVU163
 271:.././simpleserial/simpleserial.c **** 
 617              		.loc 1 271 1 is_stmt 0 view .LVU164
 618 0014 0020     		movs	r0, #0
 619 0016 0EBD     		pop	{r1, r2, r3, pc}
 620              	.L40:
 621              		.align	2
 622              	.L39:
 623 0018 00000000 		.word	.LANCHOR0
 624              		.cfi_endproc
 625              	.LFE2:
 627              		.section	.text.ss_get_commands,"ax",%progbits
 628              		.align	1
 629              		.global	ss_get_commands
 630              		.syntax unified
 631              		.code	16
 632              		.thumb_func
 633              		.fpu softvfp
 635              	ss_get_commands:
 636              	.LVL54:
 637              	.LFB3:
 280:.././simpleserial/simpleserial.c ****     ss_cmd_repr repr_cmd_buf[MAX_SS_CMDS];
 638              		.loc 1 280 1 is_stmt 1 view -0
 639              		.cfi_startproc
 640              		@ args = 0, pretend = 0, frame = 48
 641              		@ frame_needed = 0, uses_anonymous_args = 0
 281:.././simpleserial/simpleserial.c ****     for (uint8_t i = 0; i < (num_commands & 0xFF); i++) {
 642              		.loc 1 281 5 view .LVU166
 282:.././simpleserial/simpleserial.c ****         repr_cmd_buf[i].c = commands[i].c;
 643              		.loc 1 282 5 view .LVU167
 644              	.LBB12:
 282:.././simpleserial/simpleserial.c ****         repr_cmd_buf[i].c = commands[i].c;
 645              		.loc 1 282 10 view .LVU168
 282:.././simpleserial/simpleserial.c ****         repr_cmd_buf[i].c = commands[i].c;
 646              		.loc 1 282 10 is_stmt 0 view .LVU169
 647 0000 0322     		movs	r2, #3
 282:.././simpleserial/simpleserial.c ****         repr_cmd_buf[i].c = commands[i].c;
 648              		.loc 1 282 43 view .LVU170
 649 0002 114B     		ldr	r3, .L44
 650              	.LBE12:
 280:.././simpleserial/simpleserial.c ****     ss_cmd_repr repr_cmd_buf[MAX_SS_CMDS];
 651              		.loc 1 280 1 view .LVU171
 652 0004 F0B5     		push	{r4, r5, r6, r7, lr}
 653              	.LCFI7:
 654              		.cfi_def_cfa_offset 20
 655              		.cfi_offset 4, -20
 656              		.cfi_offset 5, -16
 657              		.cfi_offset 6, -12
 658              		.cfi_offset 7, -8
 659              		.cfi_offset 14, -4
 660 0006 9446     		mov	ip, r2
 661              	.LBB13:
 282:.././simpleserial/simpleserial.c ****         repr_cmd_buf[i].c = commands[i].c;
 662              		.loc 1 282 43 view .LVU172
 663 0008 1C68     		ldr	r4, [r3]
 282:.././simpleserial/simpleserial.c ****         repr_cmd_buf[i].c = commands[i].c;
 664              		.loc 1 282 18 view .LVU173
 665 000a 0023     		movs	r3, #0
 283:.././simpleserial/simpleserial.c ****         repr_cmd_buf[i].len = commands[i].len;
 666              		.loc 1 283 40 view .LVU174
 667 000c 0F4D     		ldr	r5, .L44+4
 668              	.LBE13:
 280:.././simpleserial/simpleserial.c ****     ss_cmd_repr repr_cmd_buf[MAX_SS_CMDS];
 669              		.loc 1 280 1 view .LVU175
 670 000e 8DB0     		sub	sp, sp, #52
 671              	.LCFI8:
 672              		.cfi_def_cfa_offset 72
 673              	.LBB14:
 282:.././simpleserial/simpleserial.c ****         repr_cmd_buf[i].c = commands[i].c;
 674              		.loc 1 282 43 view .LVU176
 675 0010 E6B2     		uxtb	r6, r4
 676              	.LVL55:
 677              	.L42:
 282:.././simpleserial/simpleserial.c ****         repr_cmd_buf[i].c = commands[i].c;
 678              		.loc 1 282 25 is_stmt 1 discriminator 1 view .LVU177
 282:.././simpleserial/simpleserial.c ****         repr_cmd_buf[i].c = commands[i].c;
 679              		.loc 1 282 5 is_stmt 0 discriminator 1 view .LVU178
 680 0012 B342     		cmp	r3, r6
 681 0014 09DB     		blt	.L43
 682              	.LBE14:
 288:.././simpleserial/simpleserial.c ****     return 0x00;
 683              		.loc 1 288 5 is_stmt 1 view .LVU179
 684 0016 6146     		mov	r1, ip
 685 0018 6143     		muls	r1, r4
 686 001a 6A46     		mov	r2, sp
 687 001c 7220     		movs	r0, #114
 688 001e C9B2     		uxtb	r1, r1
 689 0020 FFF7FEFF 		bl	simpleserial_put
 690              	.LVL56:
 289:.././simpleserial/simpleserial.c **** }
 691              		.loc 1 289 5 view .LVU180
 290:.././simpleserial/simpleserial.c **** 
 692              		.loc 1 290 1 is_stmt 0 view .LVU181
 693 0024 0020     		movs	r0, #0
 694 0026 0DB0     		add	sp, sp, #52
 695              		@ sp needed
 696 0028 F0BD     		pop	{r4, r5, r6, r7, pc}
 697              	.LVL57:
 698              	.L43:
 699              	.LBB15:
 283:.././simpleserial/simpleserial.c ****         repr_cmd_buf[i].len = commands[i].len;
 700              		.loc 1 283 9 is_stmt 1 discriminator 3 view .LVU182
 283:.././simpleserial/simpleserial.c ****         repr_cmd_buf[i].len = commands[i].len;
 701              		.loc 1 283 27 is_stmt 0 discriminator 3 view .LVU183
 702 002a 6246     		mov	r2, ip
 703 002c 6946     		mov	r1, sp
 704 002e 5A43     		muls	r2, r3
 283:.././simpleserial/simpleserial.c ****         repr_cmd_buf[i].len = commands[i].len;
 705              		.loc 1 283 40 discriminator 3 view .LVU184
 706 0030 1801     		lsls	r0, r3, #4
 283:.././simpleserial/simpleserial.c ****         repr_cmd_buf[i].len = commands[i].len;
 707              		.loc 1 283 27 discriminator 3 view .LVU185
 708 0032 475D     		ldrb	r7, [r0, r5]
 284:.././simpleserial/simpleserial.c ****         repr_cmd_buf[i].flags = commands[i].flags;
 709              		.loc 1 284 42 discriminator 3 view .LVU186
 710 0034 2818     		adds	r0, r5, r0
 283:.././simpleserial/simpleserial.c ****         repr_cmd_buf[i].len = commands[i].len;
 711              		.loc 1 283 27 discriminator 3 view .LVU187
 712 0036 8F54     		strb	r7, [r1, r2]
 284:.././simpleserial/simpleserial.c ****         repr_cmd_buf[i].flags = commands[i].flags;
 713              		.loc 1 284 9 is_stmt 1 discriminator 3 view .LVU188
 284:.././simpleserial/simpleserial.c ****         repr_cmd_buf[i].flags = commands[i].flags;
 714              		.loc 1 284 29 is_stmt 0 discriminator 3 view .LVU189
 715 0038 4168     		ldr	r1, [r0, #4]
 285:.././simpleserial/simpleserial.c ****     }
 716              		.loc 1 285 31 discriminator 3 view .LVU190
 717 003a 007B     		ldrb	r0, [r0, #12]
 284:.././simpleserial/simpleserial.c ****         repr_cmd_buf[i].flags = commands[i].flags;
 718              		.loc 1 284 29 discriminator 3 view .LVU191
 719 003c 6A44     		add	r2, r2, sp
 282:.././simpleserial/simpleserial.c ****         repr_cmd_buf[i].c = commands[i].c;
 720              		.loc 1 282 53 discriminator 3 view .LVU192
 721 003e 0133     		adds	r3, r3, #1
 722              	.LVL58:
 284:.././simpleserial/simpleserial.c ****         repr_cmd_buf[i].flags = commands[i].flags;
 723              		.loc 1 284 29 discriminator 3 view .LVU193
 724 0040 5170     		strb	r1, [r2, #1]
 285:.././simpleserial/simpleserial.c ****     }
 725              		.loc 1 285 9 is_stmt 1 discriminator 3 view .LVU194
 285:.././simpleserial/simpleserial.c ****     }
 726              		.loc 1 285 31 is_stmt 0 discriminator 3 view .LVU195
 727 0042 9070     		strb	r0, [r2, #2]
 282:.././simpleserial/simpleserial.c ****         repr_cmd_buf[i].c = commands[i].c;
 728              		.loc 1 282 52 is_stmt 1 discriminator 3 view .LVU196
 282:.././simpleserial/simpleserial.c ****         repr_cmd_buf[i].c = commands[i].c;
 729              		.loc 1 282 53 is_stmt 0 discriminator 3 view .LVU197
 730 0044 DBB2     		uxtb	r3, r3
 731              	.LVL59:
 282:.././simpleserial/simpleserial.c ****         repr_cmd_buf[i].c = commands[i].c;
 732              		.loc 1 282 53 discriminator 3 view .LVU198
 733 0046 E4E7     		b	.L42
 734              	.L45:
 735              		.align	2
 736              	.L44:
 737 0048 00000000 		.word	.LANCHOR0
 738 004c 04000000 		.word	commands
 739              	.LBE15:
 740              		.cfi_endproc
 741              	.LFE3:
 743              		.section	.text.simpleserial_get,"ax",%progbits
 744              		.align	1
 745              		.global	simpleserial_get
 746              		.syntax unified
 747              		.code	16
 748              		.thumb_func
 749              		.fpu softvfp
 751              	simpleserial_get:
 752              	.LFB8:
 361:.././simpleserial/simpleserial.c **** 	char ascii_buf[2*MAX_SS_LEN];
 753              		.loc 1 361 1 is_stmt 1 view -0
 754              		.cfi_startproc
 755              		@ args = 0, pretend = 0, frame = 776
 756              		@ frame_needed = 0, uses_anonymous_args = 0
 362:.././simpleserial/simpleserial.c **** 	uint8_t data_buf[MAX_SS_LEN];
 757              		.loc 1 362 2 view .LVU200
 363:.././simpleserial/simpleserial.c **** 	char c;
 758              		.loc 1 363 2 view .LVU201
 364:.././simpleserial/simpleserial.c **** 
 759              		.loc 1 364 2 view .LVU202
 367:.././simpleserial/simpleserial.c **** 
 760              		.loc 1 367 2 view .LVU203
 361:.././simpleserial/simpleserial.c **** 	char ascii_buf[2*MAX_SS_LEN];
 761              		.loc 1 361 1 is_stmt 0 view .LVU204
 762 0000 F0B5     		push	{r4, r5, r6, r7, lr}
 763              	.LCFI9:
 764              		.cfi_def_cfa_offset 20
 765              		.cfi_offset 4, -20
 766              		.cfi_offset 5, -16
 767              		.cfi_offset 6, -12
 768              		.cfi_offset 7, -8
 769              		.cfi_offset 14, -4
 770 0002 304C     		ldr	r4, .L69
 771 0004 A544     		add	sp, sp, r4
 772              	.LCFI10:
 773              		.cfi_def_cfa_offset 800
 367:.././simpleserial/simpleserial.c **** 
 774              		.loc 1 367 6 view .LVU205
 775 0006 FFF7FEFF 		bl	getch
 776              	.LVL60:
 369:.././simpleserial/simpleserial.c **** 	for(cmd = 0; cmd < num_commands; cmd++)
 777              		.loc 1 369 2 is_stmt 1 view .LVU206
 370:.././simpleserial/simpleserial.c **** 	{
 778              		.loc 1 370 2 view .LVU207
 370:.././simpleserial/simpleserial.c **** 	{
 779              		.loc 1 370 19 is_stmt 0 view .LVU208
 780 000a 2F4B     		ldr	r3, .L69+4
 372:.././simpleserial/simpleserial.c **** 			break;
 781              		.loc 1 372 19 view .LVU209
 782 000c 2F49     		ldr	r1, .L69+8
 370:.././simpleserial/simpleserial.c **** 	{
 783              		.loc 1 370 19 view .LVU210
 784 000e 1A68     		ldr	r2, [r3]
 370:.././simpleserial/simpleserial.c **** 	{
 785              		.loc 1 370 10 view .LVU211
 786 0010 0023     		movs	r3, #0
 787              	.LVL61:
 788              	.L47:
 370:.././simpleserial/simpleserial.c **** 	{
 789              		.loc 1 370 15 is_stmt 1 discriminator 1 view .LVU212
 370:.././simpleserial/simpleserial.c **** 	{
 790              		.loc 1 370 2 is_stmt 0 discriminator 1 view .LVU213
 791 0012 9A42     		cmp	r2, r3
 792 0014 04DC     		bgt	.L51
 377:.././simpleserial/simpleserial.c **** 		return;
 793              		.loc 1 377 2 is_stmt 1 view .LVU214
 377:.././simpleserial/simpleserial.c **** 		return;
 794              		.loc 1 377 4 is_stmt 0 view .LVU215
 795 0016 07D1     		bne	.L53
 796              	.LVL62:
 797              	.L46:
 422:.././simpleserial/simpleserial.c **** 
 798              		.loc 1 422 1 view .LVU216
 799 0018 C323     		movs	r3, #195
 800 001a 9B00     		lsls	r3, r3, #2
 801 001c 9D44     		add	sp, sp, r3
 802              		@ sp needed
 803 001e F0BD     		pop	{r4, r5, r6, r7, pc}
 804              	.LVL63:
 805              	.L51:
 372:.././simpleserial/simpleserial.c **** 			break;
 806              		.loc 1 372 3 is_stmt 1 view .LVU217
 372:.././simpleserial/simpleserial.c **** 			break;
 807              		.loc 1 372 19 is_stmt 0 view .LVU218
 808 0020 1C01     		lsls	r4, r3, #4
 372:.././simpleserial/simpleserial.c **** 			break;
 809              		.loc 1 372 5 view .LVU219
 810 0022 0C5D     		ldrb	r4, [r1, r4]
 811 0024 8442     		cmp	r4, r0
 812 0026 41D1     		bne	.L48
 813              	.L53:
 381:.././simpleserial/simpleserial.c **** 	{
 814              		.loc 1 381 2 is_stmt 1 view .LVU220
 381:.././simpleserial/simpleserial.c **** 	{
 815              		.loc 1 381 5 is_stmt 0 view .LVU221
 816 0028 0127     		movs	r7, #1
 381:.././simpleserial/simpleserial.c **** 	{
 817              		.loc 1 381 20 view .LVU222
 818 002a 284D     		ldr	r5, .L69+8
 819 002c 1C01     		lsls	r4, r3, #4
 820 002e 2E19     		adds	r6, r5, r4
 381:.././simpleserial/simpleserial.c **** 	{
 821              		.loc 1 381 5 view .LVU223
 822 0030 337B     		ldrb	r3, [r6, #12]
 823              	.LVL64:
 381:.././simpleserial/simpleserial.c **** 	{
 824              		.loc 1 381 5 view .LVU224
 825 0032 3B42     		tst	r3, r7
 826 0034 1AD0     		beq	.L50
 827              	.LBB16:
 383:.././simpleserial/simpleserial.c **** 		char buff[2];
 828              		.loc 1 383 3 is_stmt 1 view .LVU225
 383:.././simpleserial/simpleserial.c **** 		char buff[2];
 829              		.loc 1 383 11 is_stmt 0 view .LVU226
 830 0036 0023     		movs	r3, #0
 831 0038 6A46     		mov	r2, sp
 832 003a 1372     		strb	r3, [r2, #8]
 384:.././simpleserial/simpleserial.c **** 		buff[0] = getch();
 833              		.loc 1 384 3 is_stmt 1 view .LVU227
 385:.././simpleserial/simpleserial.c **** 		buff[1] = getch();
 834              		.loc 1 385 3 view .LVU228
 385:.././simpleserial/simpleserial.c **** 		buff[1] = getch();
 835              		.loc 1 385 13 is_stmt 0 view .LVU229
 836 003c FFF7FEFF 		bl	getch
 837              	.LVL65:
 385:.././simpleserial/simpleserial.c **** 		buff[1] = getch();
 838              		.loc 1 385 11 view .LVU230
 839 0040 8422     		movs	r2, #132
 840 0042 6B46     		mov	r3, sp
 841 0044 5200     		lsls	r2, r2, #1
 842 0046 9B18     		adds	r3, r3, r2
 843 0048 1870     		strb	r0, [r3]
 386:.././simpleserial/simpleserial.c **** 		if (hex_decode(1, buff, &l))
 844              		.loc 1 386 3 is_stmt 1 view .LVU231
 386:.././simpleserial/simpleserial.c **** 		if (hex_decode(1, buff, &l))
 845              		.loc 1 386 13 is_stmt 0 view .LVU232
 846 004a FFF7FEFF 		bl	getch
 847              	.LVL66:
 386:.././simpleserial/simpleserial.c **** 		if (hex_decode(1, buff, &l))
 848              		.loc 1 386 11 view .LVU233
 849 004e 0A22     		movs	r2, #10
 850 0050 6B46     		mov	r3, sp
 851 0052 FF32     		adds	r2, r2, #255
 852 0054 9B18     		adds	r3, r3, r2
 853 0056 1870     		strb	r0, [r3]
 387:.././simpleserial/simpleserial.c **** 			return;
 854              		.loc 1 387 3 is_stmt 1 view .LVU234
 387:.././simpleserial/simpleserial.c **** 			return;
 855              		.loc 1 387 7 is_stmt 0 view .LVU235
 856 0058 02AA     		add	r2, sp, #8
 857 005a 3800     		movs	r0, r7
 858 005c 42A9     		add	r1, sp, #264
 859 005e FFF7FEFF 		bl	hex_decode
 860              	.LVL67:
 387:.././simpleserial/simpleserial.c **** 			return;
 861              		.loc 1 387 6 view .LVU236
 862 0062 0028     		cmp	r0, #0
 863 0064 D8D1     		bne	.L46
 389:.././simpleserial/simpleserial.c **** 	}
 864              		.loc 1 389 3 is_stmt 1 view .LVU237
 389:.././simpleserial/simpleserial.c **** 	}
 865              		.loc 1 389 21 is_stmt 0 view .LVU238
 866 0066 6B46     		mov	r3, sp
 867 0068 1B7A     		ldrb	r3, [r3, #8]
 868 006a 7360     		str	r3, [r6, #4]
 869              	.L50:
 870              	.LBE16:
 370:.././simpleserial/simpleserial.c **** 	{
 871              		.loc 1 370 10 discriminator 1 view .LVU239
 872 006c 0026     		movs	r6, #0
 873              	.L56:
 874              	.LVL68:
 875              	.LBB17:
 393:.././simpleserial/simpleserial.c **** 	{
 876              		.loc 1 393 17 is_stmt 1 discriminator 1 view .LVU240
 393:.././simpleserial/simpleserial.c **** 	{
 877              		.loc 1 393 36 is_stmt 0 discriminator 1 view .LVU241
 878 006e 2B19     		adds	r3, r5, r4
 393:.././simpleserial/simpleserial.c **** 	{
 879              		.loc 1 393 22 discriminator 1 view .LVU242
 880 0070 5B68     		ldr	r3, [r3, #4]
 881 0072 5B00     		lsls	r3, r3, #1
 393:.././simpleserial/simpleserial.c **** 	{
 882              		.loc 1 393 2 discriminator 1 view .LVU243
 883 0074 B342     		cmp	r3, r6
 884 0076 1BD8     		bhi	.L57
 885              	.LBE17:
 405:.././simpleserial/simpleserial.c **** 	if(c != '\n' && c != '\r')
 886              		.loc 1 405 2 is_stmt 1 view .LVU244
 405:.././simpleserial/simpleserial.c **** 	if(c != '\n' && c != '\r')
 887              		.loc 1 405 6 is_stmt 0 view .LVU245
 888 0078 FFF7FEFF 		bl	getch
 889              	.LVL69:
 406:.././simpleserial/simpleserial.c **** 		return;
 890              		.loc 1 406 2 is_stmt 1 view .LVU246
 406:.././simpleserial/simpleserial.c **** 		return;
 891              		.loc 1 406 4 is_stmt 0 view .LVU247
 892 007c 0A28     		cmp	r0, #10
 893 007e 01D0     		beq	.L58
 406:.././simpleserial/simpleserial.c **** 		return;
 894              		.loc 1 406 15 discriminator 1 view .LVU248
 895 0080 0D28     		cmp	r0, #13
 896 0082 C9D1     		bne	.L46
 897              	.L58:
 411:.././simpleserial/simpleserial.c **** 		return;
 898              		.loc 1 411 2 is_stmt 1 view .LVU249
 411:.././simpleserial/simpleserial.c **** 		return;
 899              		.loc 1 411 29 is_stmt 0 view .LVU250
 900 0084 2C19     		adds	r4, r5, r4
 901 0086 6568     		ldr	r5, [r4, #4]
 411:.././simpleserial/simpleserial.c **** 		return;
 902              		.loc 1 411 5 view .LVU251
 903 0088 02AA     		add	r2, sp, #8
 904 008a 2800     		movs	r0, r5
 905              	.LVL70:
 411:.././simpleserial/simpleserial.c **** 		return;
 906              		.loc 1 411 5 view .LVU252
 907 008c 42A9     		add	r1, sp, #264
 908 008e FFF7FEFF 		bl	hex_decode
 909              	.LVL71:
 411:.././simpleserial/simpleserial.c **** 		return;
 910              		.loc 1 411 4 view .LVU253
 911 0092 0028     		cmp	r0, #0
 912 0094 C0D1     		bne	.L46
 415:.././simpleserial/simpleserial.c **** 	ret[0] = commands[cmd].fp(data_buf, commands[cmd].len);
 913              		.loc 1 415 2 is_stmt 1 view .LVU254
 416:.././simpleserial/simpleserial.c **** 
 914              		.loc 1 416 2 view .LVU255
 416:.././simpleserial/simpleserial.c **** 
 915              		.loc 1 416 11 is_stmt 0 view .LVU256
 916 0096 E9B2     		uxtb	r1, r5
 917 0098 A368     		ldr	r3, [r4, #8]
 918 009a 02A8     		add	r0, sp, #8
 919 009c 9847     		blx	r3
 920              	.LVL72:
 416:.././simpleserial/simpleserial.c **** 
 921              		.loc 1 416 9 view .LVU257
 922 009e 01AA     		add	r2, sp, #4
 923 00a0 1070     		strb	r0, [r2]
 420:.././simpleserial/simpleserial.c **** #endif
 924              		.loc 1 420 2 is_stmt 1 view .LVU258
 925 00a2 0121     		movs	r1, #1
 926 00a4 7A20     		movs	r0, #122
 927 00a6 FFF7FEFF 		bl	simpleserial_put
 928              	.LVL73:
 929 00aa B5E7     		b	.L46
 930              	.LVL74:
 931              	.L48:
 370:.././simpleserial/simpleserial.c **** 	{
 932              		.loc 1 370 35 discriminator 2 view .LVU259
 370:.././simpleserial/simpleserial.c **** 	{
 933              		.loc 1 370 38 is_stmt 0 discriminator 2 view .LVU260
 934 00ac 0133     		adds	r3, r3, #1
 935              	.LVL75:
 370:.././simpleserial/simpleserial.c **** 	{
 936              		.loc 1 370 38 discriminator 2 view .LVU261
 937 00ae B0E7     		b	.L47
 938              	.LVL76:
 939              	.L57:
 940              	.LBB18:
 395:.././simpleserial/simpleserial.c **** 
 941              		.loc 1 395 3 is_stmt 1 view .LVU262
 395:.././simpleserial/simpleserial.c **** 
 942              		.loc 1 395 7 is_stmt 0 view .LVU263
 943 00b0 FFF7FEFF 		bl	getch
 944              	.LVL77:
 398:.././simpleserial/simpleserial.c **** 			return;
 945              		.loc 1 398 3 is_stmt 1 view .LVU264
 398:.././simpleserial/simpleserial.c **** 			return;
 946              		.loc 1 398 5 is_stmt 0 view .LVU265
 947 00b4 0A28     		cmp	r0, #10
 948 00b6 AFD0     		beq	.L46
 398:.././simpleserial/simpleserial.c **** 			return;
 949              		.loc 1 398 16 discriminator 1 view .LVU266
 950 00b8 0D28     		cmp	r0, #13
 951 00ba ADD0     		beq	.L46
 401:.././simpleserial/simpleserial.c **** 	}
 952              		.loc 1 401 3 is_stmt 1 discriminator 2 view .LVU267
 401:.././simpleserial/simpleserial.c **** 	}
 953              		.loc 1 401 16 is_stmt 0 discriminator 2 view .LVU268
 954 00bc 42AB     		add	r3, sp, #264
 955 00be F054     		strb	r0, [r6, r3]
 393:.././simpleserial/simpleserial.c **** 	{
 956              		.loc 1 393 42 is_stmt 1 discriminator 2 view .LVU269
 393:.././simpleserial/simpleserial.c **** 	{
 957              		.loc 1 393 43 is_stmt 0 discriminator 2 view .LVU270
 958 00c0 0136     		adds	r6, r6, #1
 959              	.LVL78:
 393:.././simpleserial/simpleserial.c **** 	{
 960              		.loc 1 393 43 discriminator 2 view .LVU271
 961 00c2 D4E7     		b	.L56
 962              	.L70:
 963              		.align	2
 964              	.L69:
 965 00c4 F4FCFFFF 		.word	-780
 966 00c8 00000000 		.word	.LANCHOR0
 967 00cc 04000000 		.word	commands
 968              	.LBE18:
 969              		.cfi_endproc
 970              	.LFE8:
 972              		.section	.rodata
 973              		.set	.LANCHOR1,. + 0
 976              	hex_lookup:
 977 0000 30313233 		.ascii	"0123456789ABCDEF"
 977      34353637 
 977      38394142 
 977      43444546 
 978              		.bss
 979              		.align	2
 980              		.set	.LANCHOR0,. + 0
 983              	num_commands:
 984 0000 00000000 		.space	4
 987              	commands:
 988 0004 00000000 		.space	256
 988      00000000 
 988      00000000 
 988      00000000 
 988      00000000 
 989              		.text
 990              	.Letext0:
 991              		.file 2 "c:\\progra~1\\chipwh~1\\cw\\home\\portable\\armgcc\\arm-none-eabi\\include\\machine\\_def
 992              		.file 3 "c:\\progra~1\\chipwh~1\\cw\\home\\portable\\armgcc\\arm-none-eabi\\include\\sys\\_stdint.
 993              		.file 4 ".././hal/stm32f0/stm32f0_hal.h"
DEFINED SYMBOLS
                            *ABS*:00000000 simpleserial.c
C:\Users\mjzeec\AppData\Local\Temp\cc57QgCj.s:16     .text.check_version:00000000 $t
C:\Users\mjzeec\AppData\Local\Temp\cc57QgCj.s:24     .text.check_version:00000000 check_version
C:\Users\mjzeec\AppData\Local\Temp\cc57QgCj.s:44     .text.ss_crc:00000000 $t
C:\Users\mjzeec\AppData\Local\Temp\cc57QgCj.s:51     .text.ss_crc:00000000 ss_crc
C:\Users\mjzeec\AppData\Local\Temp\cc57QgCj.s:128    .text.hex_decode:00000000 $t
C:\Users\mjzeec\AppData\Local\Temp\cc57QgCj.s:135    .text.hex_decode:00000000 hex_decode
C:\Users\mjzeec\AppData\Local\Temp\cc57QgCj.s:316    .text.simpleserial_addcmd_flags:00000000 $t
C:\Users\mjzeec\AppData\Local\Temp\cc57QgCj.s:323    .text.simpleserial_addcmd_flags:00000000 simpleserial_addcmd_flags
C:\Users\mjzeec\AppData\Local\Temp\cc57QgCj.s:385    .text.simpleserial_addcmd_flags:00000028 $d
C:\Users\mjzeec\AppData\Local\Temp\cc57QgCj.s:987    .bss:00000004 commands
C:\Users\mjzeec\AppData\Local\Temp\cc57QgCj.s:391    .text.simpleserial_addcmd:00000000 $t
C:\Users\mjzeec\AppData\Local\Temp\cc57QgCj.s:398    .text.simpleserial_addcmd:00000000 simpleserial_addcmd
C:\Users\mjzeec\AppData\Local\Temp\cc57QgCj.s:425    .text.simpleserial_init:00000000 $t
C:\Users\mjzeec\AppData\Local\Temp\cc57QgCj.s:432    .text.simpleserial_init:00000000 simpleserial_init
C:\Users\mjzeec\AppData\Local\Temp\cc57QgCj.s:471    .text.simpleserial_init:00000024 $d
C:\Users\mjzeec\AppData\Local\Temp\cc57QgCj.s:635    .text.ss_get_commands:00000000 ss_get_commands
C:\Users\mjzeec\AppData\Local\Temp\cc57QgCj.s:580    .text.ss_num_commands:00000000 ss_num_commands
C:\Users\mjzeec\AppData\Local\Temp\cc57QgCj.s:478    .text.simpleserial_put:00000000 $t
C:\Users\mjzeec\AppData\Local\Temp\cc57QgCj.s:485    .text.simpleserial_put:00000000 simpleserial_put
C:\Users\mjzeec\AppData\Local\Temp\cc57QgCj.s:567    .text.simpleserial_put:00000034 $d
C:\Users\mjzeec\AppData\Local\Temp\cc57QgCj.s:573    .text.ss_num_commands:00000000 $t
C:\Users\mjzeec\AppData\Local\Temp\cc57QgCj.s:623    .text.ss_num_commands:00000018 $d
C:\Users\mjzeec\AppData\Local\Temp\cc57QgCj.s:628    .text.ss_get_commands:00000000 $t
C:\Users\mjzeec\AppData\Local\Temp\cc57QgCj.s:737    .text.ss_get_commands:00000048 $d
C:\Users\mjzeec\AppData\Local\Temp\cc57QgCj.s:744    .text.simpleserial_get:00000000 $t
C:\Users\mjzeec\AppData\Local\Temp\cc57QgCj.s:751    .text.simpleserial_get:00000000 simpleserial_get
C:\Users\mjzeec\AppData\Local\Temp\cc57QgCj.s:965    .text.simpleserial_get:000000c4 $d
C:\Users\mjzeec\AppData\Local\Temp\cc57QgCj.s:976    .rodata:00000000 hex_lookup
C:\Users\mjzeec\AppData\Local\Temp\cc57QgCj.s:979    .bss:00000000 $d
C:\Users\mjzeec\AppData\Local\Temp\cc57QgCj.s:983    .bss:00000000 num_commands

UNDEFINED SYMBOLS
putch
getch
